#
# There is insufficient memory for the Java Runtime Environment to continue.
# Native memory allocation (malloc) failed to allocate 2308432 bytes for Chunk::new
# Possible reasons:
#   The system is out of physical RAM or swap space
#   The process is running with CompressedOops enabled, and the Java Heap may be blocking the growth of the native heap
# Possible solutions:
#   Reduce memory load on the system
#   Increase physical memory or swap space
#   Check if swap backing store is full
#   Decrease Java heap size (-Xmx/-Xms)
#   Decrease number of Java threads
#   Decrease Java thread stack sizes (-Xss)
#   Set larger code cache with -XX:ReservedCodeCacheSize=
#   JVM is running with Unscaled Compressed Oops mode in which the Java heap is
#     placed in the first 4GB address space. The Java Heap base address is the
#     maximum limit for the native heap growth. Please use -XX:HeapBaseMinAddress
#     to set the Java Heap base and to place the Java Heap above 4GB virtual address.
# This output file may be truncated or incomplete.
#
#  Out of Memory Error (arena.cpp:189), pid=7184, tid=30212
#
# JRE version: OpenJDK Runtime Environment Temurin-17.0.7+7 (17.0.7+7) (build 17.0.7+7)
# Java VM: OpenJDK 64-Bit Server VM Temurin-17.0.7+7 (17.0.7+7, mixed mode, tiered, compressed oops, compressed class ptrs, parallel gc, windows-amd64)
# No core dump will be written. Minidumps are not enabled by default on client versions of Windows
#

---------------  S U M M A R Y ------------

Command Line: --add-modules=ALL-SYSTEM --add-opens=java.base/java.util=ALL-UNNAMED --add-opens=java.base/java.lang=ALL-UNNAMED --add-opens=java.base/sun.nio.fs=ALL-UNNAMED -Declipse.application=org.eclipse.jdt.ls.core.id1 -Dosgi.bundles.defaultStartLevel=4 -Declipse.product=org.eclipse.jdt.ls.core.product -Djava.import.generatesMetadataFilesAtProjectRoot=false -Dfile.encoding=utf8 -XX:+UseParallelGC -XX:GCTimeRatio=4 -XX:AdaptiveSizePolicyWeight=90 -Dsun.zip.disableMemoryMapping=true -Xmx1G -Xms100m -Xlog:disable -javaagent:c:\Users\USER\.vscode\extensions\redhat.java-1.19.0-win32-x64\lombok\lombok-1.18.28.jar -XX:+HeapDumpOnOutOfMemoryError -XX:HeapDumpPath=c:\Users\USER\AppData\Roaming\Code\User\workspaceStorage\1702ad736f4aa6bf5abd61ef8a644695\redhat.java -Daether.dependencyCollector.impl=bf c:\Users\USER\.vscode\extensions\redhat.java-1.19.0-win32-x64\server\plugins\org.eclipse.equinox.launcher_1.6.400.v20210924-0641.jar -configuration c:\Users\USER\AppData\Roaming\Code\User\globalStorage\redhat.java\1.19.0\config_win -data c:\Users\USER\AppData\Roaming\Code\User\workspaceStorage\1702ad736f4aa6bf5abd61ef8a644695\redhat.java\jdt_ws

Host: Intel(R) Core(TM) i5-5300U CPU @ 2.30GHz, 4 cores, 3G,  Windows 10 , 64 bit Build 18362 (10.0.18362.86)
Time: Wed Jun  7 10:06:01 2023 GMT Daylight Time elapsed time: 48.913597 seconds (0d 0h 0m 48s)

---------------  T H R E A D  ---------------

Current thread (0x0000015c55a275b0):  JavaThread "C2 CompilerThread1" daemon [_thread_in_native, id=30212, stack(0x0000005ad0a00000,0x0000005ad0b00000)]


Current CompileTask:
C2:  48914 8238   !   4       lombok.core.AST::buildWithField0 (121 bytes)

Stack: [0x0000005ad0a00000,0x0000005ad0b00000]
Native frames: (J=compiled Java code, j=interpreted, Vv=VM code, C=native code)
V  [jvm.dll+0x67754a]
V  [jvm.dll+0x834304]
V  [jvm.dll+0x835aae]
V  [jvm.dll+0x836113]
V  [jvm.dll+0x24696f]
V  [jvm.dll+0xac0ac]
V  [jvm.dll+0xac67c]
V  [jvm.dll+0x364e37]
V  [jvm.dll+0x1bcde8]
V  [jvm.dll+0x219799]
V  [jvm.dll+0x218a61]
V  [jvm.dll+0x1a4d8d]
V  [jvm.dll+0x2284da]
V  [jvm.dll+0x226615]
V  [jvm.dll+0x7ea90b]
V  [jvm.dll+0x7e4e7a]
V  [jvm.dll+0x676395]
C  [ucrtbase.dll+0x1d912]
C  [KERNEL32.DLL+0x17bd4]
C  [ntdll.dll+0x6ce71]


---------------  P R O C E S S  ---------------

Threads class SMR info:
_java_thread_list=0x0000015c562abb40, length=33, elements={
0x0000015c3ac9a390, 0x0000015c53bc5300, 0x0000015c53bc6f10, 0x0000015c4eac71d0,
0x0000015c4eac8ac0, 0x0000015c53bd8710, 0x0000015c53bd9fe0, 0x0000015c53bdabd0,
0x0000015c4eaccfa0, 0x0000015c4eace890, 0x0000015c3acfb870, 0x0000015c53eb0030,
0x0000015c54a74610, 0x0000015c54e16010, 0x0000015c54506df0, 0x0000015c54899670,
0x0000015c54c54db0, 0x0000015c54c7f260, 0x0000015c54d24e30, 0x0000015c54d26640,
0x0000015c54d25300, 0x0000015c54d26170, 0x0000015c54d26b10, 0x0000015c54d26fe0,
0x0000015c54d28320, 0x0000015c54d274b0, 0x0000015c54d25ca0, 0x0000015c555ca500,
0x0000015c555caea0, 0x0000015c555c8350, 0x0000015c555c7e80, 0x0000015c555c8820,
0x0000015c55a275b0
}

Java Threads: ( => current thread )
  0x0000015c3ac9a390 JavaThread "main" [_thread_blocked, id=20044, stack(0x0000005acef00000,0x0000005acf000000)]
  0x0000015c53bc5300 JavaThread "Reference Handler" daemon [_thread_blocked, id=7672, stack(0x0000005acf200000,0x0000005acf300000)]
  0x0000015c53bc6f10 JavaThread "Finalizer" daemon [_thread_blocked, id=9052, stack(0x0000005acf300000,0x0000005acf400000)]
  0x0000015c4eac71d0 JavaThread "Signal Dispatcher" daemon [_thread_blocked, id=21620, stack(0x0000005acf400000,0x0000005acf500000)]
  0x0000015c4eac8ac0 JavaThread "Attach Listener" daemon [_thread_blocked, id=22820, stack(0x0000005acf500000,0x0000005acf600000)]
  0x0000015c53bd8710 JavaThread "Service Thread" daemon [_thread_blocked, id=5260, stack(0x0000005acf600000,0x0000005acf700000)]
  0x0000015c53bd9fe0 JavaThread "Monitor Deflation Thread" daemon [_thread_blocked, id=7000, stack(0x0000005acf700000,0x0000005acf800000)]
  0x0000015c53bdabd0 JavaThread "C2 CompilerThread0" daemon [_thread_in_native, id=10228, stack(0x0000005acf800000,0x0000005acf900000)]
  0x0000015c4eaccfa0 JavaThread "C1 CompilerThread0" daemon [_thread_blocked, id=7468, stack(0x0000005acf900000,0x0000005acfa00000)]
  0x0000015c4eace890 JavaThread "Sweeper thread" daemon [_thread_blocked, id=8212, stack(0x0000005acfa00000,0x0000005acfb00000)]
  0x0000015c3acfb870 JavaThread "Common-Cleaner" daemon [_thread_blocked, id=29752, stack(0x0000005acfb00000,0x0000005acfc00000)]
  0x0000015c53eb0030 JavaThread "Notification Thread" daemon [_thread_blocked, id=2808, stack(0x0000005acfc00000,0x0000005acfd00000)]
  0x0000015c54a74610 JavaThread "Active Thread: Equinox Container: 84f9f697-7d93-4679-93af-638f7ed12f9b" [_thread_blocked, id=10824, stack(0x0000005ad0200000,0x0000005ad0300000)]
  0x0000015c54e16010 JavaThread "Framework Event Dispatcher: Equinox Container: 84f9f697-7d93-4679-93af-638f7ed12f9b" daemon [_thread_blocked, id=32236, stack(0x0000005ad0300000,0x0000005ad0400000)]
  0x0000015c54506df0 JavaThread "Start Level: Equinox Container: 84f9f697-7d93-4679-93af-638f7ed12f9b" daemon [_thread_blocked, id=21528, stack(0x0000005ad0400000,0x0000005ad0500000)]
  0x0000015c54899670 JavaThread "SCR Component Actor" daemon [_thread_blocked, id=24556, stack(0x0000005ad0100000,0x0000005ad0200000)]
  0x0000015c54c54db0 JavaThread "Worker-JM" [_thread_blocked, id=30292, stack(0x0000005ad0600000,0x0000005ad0700000)]
  0x0000015c54c7f260 JavaThread "Worker-0: Updating workspace" [_thread_blocked, id=9440, stack(0x0000005ad0700000,0x0000005ad0800000)]
  0x0000015c54d24e30 JavaThread "Worker-1: Publish Diagnostics" [_thread_blocked, id=6740, stack(0x0000005ad0800000,0x0000005ad0900000)]
  0x0000015c54d26640 JavaThread "Worker-2: Initialize workspace" [_thread_blocked, id=25144, stack(0x0000005ad0900000,0x0000005ad0a00000)]
  0x0000015c54d25300 JavaThread "Java indexing" daemon [_thread_blocked, id=21336, stack(0x0000005ad0b00000,0x0000005ad0c00000)]
  0x0000015c54d26170 JavaThread "Worker-3: Building" [_thread_in_native, id=668, stack(0x0000005ad0500000,0x0000005ad0600000)]
  0x0000015c54d26b10 JavaThread "JNA Cleaner" daemon [_thread_blocked, id=32728, stack(0x0000005ad0c00000,0x0000005ad0d00000)]
  0x0000015c54d26fe0 JavaThread "pool-2-thread-1" [_thread_blocked, id=21148, stack(0x0000005ad0d00000,0x0000005ad0e00000)]
  0x0000015c54d28320 JavaThread "WorkspaceEventsHandler" [_thread_blocked, id=392, stack(0x0000005ad0e00000,0x0000005ad0f00000)]
  0x0000015c54d274b0 JavaThread "pool-1-thread-1" [_thread_in_native, id=29120, stack(0x0000005ad0f00000,0x0000005ad1000000)]
  0x0000015c54d25ca0 JavaThread "ForkJoinPool.commonPool-worker-1" daemon [_thread_blocked, id=19324, stack(0x0000005ad1000000,0x0000005ad1100000)]
  0x0000015c555ca500 JavaThread "ForkJoinPool.commonPool-worker-2" daemon [_thread_blocked, id=20604, stack(0x0000005ad1100000,0x0000005ad1200000)]
  0x0000015c555caea0 JavaThread "Bundle File Closer" daemon [_thread_blocked, id=24104, stack(0x0000005ad1200000,0x0000005ad1300000)]
  0x0000015c555c8350 JavaThread "ForkJoinPool.commonPool-worker-3" daemon [_thread_blocked, id=22288, stack(0x0000005ad1300000,0x0000005ad1400000)]
  0x0000015c555c7e80 JavaThread "Worker-4: Validate documents" [_thread_blocked, id=7432, stack(0x0000005ad1400000,0x0000005ad1500000)]
  0x0000015c555c8820 JavaThread "Worker-5" [_thread_blocked, id=25244, stack(0x0000005ad1500000,0x0000005ad1600000)]
=>0x0000015c55a275b0 JavaThread "C2 CompilerThread1" daemon [_thread_in_native, id=30212, stack(0x0000005ad0a00000,0x0000005ad0b00000)]

Other Threads:
  0x0000015c4e9c2350 VMThread "VM Thread" [stack: 0x0000005acf100000,0x0000005acf200000] [id=8612]
  0x0000015c53e924c0 WatcherThread [stack: 0x0000005acfd00000,0x0000005acfe00000] [id=29520]
  0x0000015c3acb00e0 GCTaskThread "GC Thread#0" [stack: 0x0000005acf000000,0x0000005acf100000] [id=22208]
  0x0000015c548b7690 GCTaskThread "GC Thread#1" [stack: 0x0000005acfe00000,0x0000005acff00000] [id=6492]
  0x0000015c54111180 GCTaskThread "GC Thread#2" [stack: 0x0000005acff00000,0x0000005ad0000000] [id=29268]
  0x0000015c541513f0 GCTaskThread "GC Thread#3" [stack: 0x0000005ad0000000,0x0000005ad0100000] [id=18192]

Threads with active compile tasks:
C2 CompilerThread0    49176 8239       4       lombok.core.AST::buildWithField (21 bytes)
C2 CompilerThread1    49177 8238   !   4       lombok.core.AST::buildWithField0 (121 bytes)

VM state: not at safepoint (normal execution)

VM Mutex/Monitor currently owned by a thread: None

Heap address: 0x00000000c0000000, size: 1024 MB, Compressed Oops mode: 32-bit

CDS archive(s) not mapped
Compressed class space mapped at: 0x0000000100000000-0x0000000140000000, reserved size: 1073741824
Narrow klass base: 0x0000000000000000, Narrow klass shift: 3, Narrow klass range: 0x140000000

GC Precious Log:
 CPUs: 4 total, 4 available
 Memory: 3975M
 Large Page Support: Disabled
 NUMA Support: Disabled
 Compressed Oops: Enabled (32-bit)
 Alignments: Space 512K, Generation 512K, Heap 2M
 Heap Min Capacity: 100M
 Heap Initial Capacity: 100M
 Heap Max Capacity: 1G
 Pre-touch: Disabled
 Parallel Workers: 4

Heap:
 PSYoungGen      total 21504K, used 16911K [0x00000000eab00000, 0x00000000ec200000, 0x0000000100000000)
  eden space 19456K, 78% used [0x00000000eab00000,0x00000000eb9f2d60,0x00000000ebe00000)
  from space 2048K, 78% used [0x00000000ebe00000,0x00000000ebf91210,0x00000000ec000000)
  to   space 2048K, 0% used [0x00000000ec000000,0x00000000ec000000,0x00000000ec200000)
 ParOldGen       total 68608K, used 56749K [0x00000000c0000000, 0x00000000c4300000, 0x00000000eab00000)
  object space 68608K, 82% used [0x00000000c0000000,0x00000000c376b4c8,0x00000000c4300000)
 Metaspace       used 64597K, committed 65728K, reserved 1114112K
  class space    used 6896K, committed 7424K, reserved 1048576K

Card table byte_map: [0x0000015c3a5f0000,0x0000015c3a800000] _byte_map_base: 0x0000015c39ff0000

Marking Bits: (ParMarkBitMap*) 0x00007ffeb3b952c0
 Begin Bits: [0x0000015c4c8d0000, 0x0000015c4d8d0000)
 End Bits:   [0x0000015c4d8d0000, 0x0000015c4e8d0000)

Polling page: 0x0000015c38a40000

Metaspace:

Usage:
  Non-class:     56.35 MB used.
      Class:      6.74 MB used.
       Both:     63.08 MB used.

Virtual space:
  Non-class space:       64.00 MB reserved,      56.94 MB ( 89%) committed,  1 nodes.
      Class space:        1.00 GB reserved,       7.25 MB ( <1%) committed,  1 nodes.
             Both:        1.06 GB reserved,      64.19 MB (  6%) committed. 

Chunk freelists:
   Non-Class:  6.82 MB
       Class:  8.72 MB
        Both:  15.54 MB

MaxMetaspaceSize: unlimited
CompressedClassSpaceSize: 1.00 GB
Initial GC threshold: 21.00 MB
Current GC threshold: 97.31 MB
CDS: off
MetaspaceReclaimPolicy: balanced
 - commit_granule_bytes: 65536.
 - commit_granule_words: 8192.
 - virtual_space_node_default_size: 8388608.
 - enlarge_chunks_in_place: 1.
 - new_chunks_are_fully_committed: 0.
 - uncommit_free_chunks: 1.
 - use_allocation_guard: 0.
 - handle_deallocations: 1.


Internal statistics:

num_allocs_failed_limit: 9.
num_arena_births: 692.
num_arena_deaths: 14.
num_vsnodes_births: 2.
num_vsnodes_deaths: 0.
num_space_committed: 1027.
num_space_uncommitted: 0.
num_chunks_returned_to_freelist: 23.
num_chunks_taken_from_freelist: 3359.
num_chunk_merges: 13.
num_chunk_splits: 2064.
num_chunks_enlarged: 1140.
num_inconsistent_stats: 0.

CodeHeap 'non-profiled nmethods': size=120000Kb used=4503Kb max_used=4971Kb free=115496Kb
 bounds [0x0000015c453a0000, 0x0000015c45880000, 0x0000015c4c8d0000]
CodeHeap 'profiled nmethods': size=120000Kb used=14728Kb max_used=16087Kb free=105271Kb
 bounds [0x0000015c3d8d0000, 0x0000015c3e890000, 0x0000015c44e00000]
CodeHeap 'non-nmethods': size=5760Kb used=1340Kb max_used=1393Kb free=4419Kb
 bounds [0x0000015c44e00000, 0x0000015c45070000, 0x0000015c453a0000]
 total_blobs=7602 nmethods=6924 adapters=591
 compilation: enabled
              stopped_count=0, restarted_count=0
 full_count=0

Compilation events (20 events):
Event: 48.795 Thread 0x0000015c4eaccfa0 8310       3       org.eclipse.jdt.internal.compiler.lookup.PackageBinding::isViewedAsDeprecated (89 bytes)
Event: 48.796 Thread 0x0000015c4eaccfa0 nmethod 8310 0x0000015c3e425410 code [0x0000015c3e4255e0, 0x0000015c3e425a18]
Event: 48.796 Thread 0x0000015c4eaccfa0 8315       3       org.eclipse.jdt.internal.compiler.env.ITypeAnnotationWalker$1::toTypeParameter (2 bytes)
Event: 48.797 Thread 0x0000015c4eaccfa0 nmethod 8315 0x0000015c3e733290 code [0x0000015c3e733420, 0x0000015c3e733538]
Event: 48.797 Thread 0x0000015c4eaccfa0 8316       3       org.eclipse.jdt.internal.compiler.env.ITypeAnnotationWalker$1::toTypeParameterBounds (2 bytes)
Event: 48.797 Thread 0x0000015c4eaccfa0 nmethod 8316 0x0000015c3e734590 code [0x0000015c3e734720, 0x0000015c3e734838]
Event: 48.797 Thread 0x0000015c4eaccfa0 8317       3       org.eclipse.jdt.internal.compiler.env.ITypeAnnotationWalker$1::toTypeBound (2 bytes)
Event: 48.797 Thread 0x0000015c4eaccfa0 nmethod 8317 0x0000015c3e040b10 code [0x0000015c3e040ca0, 0x0000015c3e040db8]
Event: 48.799 Thread 0x0000015c4eaccfa0 8318       3       org.eclipse.jdt.internal.compiler.lookup.ReferenceBinding::storeAnnotations (93 bytes)
Event: 48.801 Thread 0x0000015c4eaccfa0 nmethod 8318 0x0000015c3e69e890 code [0x0000015c3e69eae0, 0x0000015c3e69f458]
Event: 48.801 Thread 0x0000015c4eaccfa0 8320       3       org.eclipse.jdt.internal.compiler.lookup.ModuleBinding::getExports (12 bytes)
Event: 48.801 Thread 0x0000015c4eaccfa0 nmethod 8320 0x0000015c3dd2a090 code [0x0000015c3dd2a240, 0x0000015c3dd2a408]
Event: 48.801 Thread 0x0000015c4eaccfa0 8319       3       org.eclipse.jdt.internal.compiler.lookup.MethodBinding::isConstructor (14 bytes)
Event: 48.802 Thread 0x0000015c4eaccfa0 nmethod 8319 0x0000015c3e041490 code [0x0000015c3e041620, 0x0000015c3e041798]
Event: 48.802 Thread 0x0000015c4eaccfa0 8321       3       org.eclipse.jdt.internal.compiler.lookup.TypeSystem::fixTypeVariableDeclaringElement (83 bytes)
Event: 48.803 Thread 0x0000015c4eaccfa0 nmethod 8321 0x0000015c3e50a510 code [0x0000015c3e50a6e0, 0x0000015c3e50abf8]
Event: 48.803 Thread 0x0000015c4eaccfa0 8322       3       org.eclipse.jdt.internal.compiler.lookup.ParameterizedTypeBinding::swapUnresolved (129 bytes)
Event: 48.806 Thread 0x0000015c4eaccfa0 nmethod 8322 0x0000015c3e802310 code [0x0000015c3e802520, 0x0000015c3e802eb8]
Event: 48.806 Thread 0x0000015c4eaccfa0 8323       3       org.eclipse.jdt.internal.compiler.lookup.TypeSystem$HashedParameterizedTypes$PTBKey::swapUnresolved (158 bytes)
Event: 48.810 Thread 0x0000015c4eaccfa0 nmethod 8323 0x0000015c3dbf8590 code [0x0000015c3dbf8860, 0x0000015c3dbf9868]

GC Heap History (20 events):
Event: 40.529 GC heap before
{Heap before GC invocations=37 (full 3):
 PSYoungGen      total 21504K, used 21500K [0x00000000eab00000, 0x00000000ec200000, 0x0000000100000000)
  eden space 20480K, 100% used [0x00000000eab00000,0x00000000ebf00000,0x00000000ebf00000)
  from space 1024K, 99% used [0x00000000ebf00000,0x00000000ebfff088,0x00000000ec000000)
  to   space 1536K, 0% used [0x00000000ec080000,0x00000000ec080000,0x00000000ec200000)
 ParOldGen       total 68608K, used 43745K [0x00000000c0000000, 0x00000000c4300000, 0x00000000eab00000)
  object space 68608K, 63% used [0x00000000c0000000,0x00000000c2ab85a0,0x00000000c4300000)
 Metaspace       used 59832K, committed 61056K, reserved 1114112K
  class space    used 6405K, committed 6976K, reserved 1048576K
}
Event: 40.530 GC heap after
{Heap after GC invocations=37 (full 3):
 PSYoungGen      total 20992K, used 224K [0x00000000eab00000, 0x00000000ec100000, 0x0000000100000000)
  eden space 20480K, 0% used [0x00000000eab00000,0x00000000eab00000,0x00000000ebf00000)
  from space 512K, 43% used [0x00000000ec080000,0x00000000ec0b8000,0x00000000ec100000)
  to   space 1024K, 0% used [0x00000000ebf00000,0x00000000ebf00000,0x00000000ec000000)
 ParOldGen       total 68608K, used 43841K [0x00000000c0000000, 0x00000000c4300000, 0x00000000eab00000)
  object space 68608K, 63% used [0x00000000c0000000,0x00000000c2ad05a0,0x00000000c4300000)
 Metaspace       used 59832K, committed 61056K, reserved 1114112K
  class space    used 6405K, committed 6976K, reserved 1048576K
}
Event: 40.696 GC heap before
{Heap before GC invocations=38 (full 3):
 PSYoungGen      total 20992K, used 20704K [0x00000000eab00000, 0x00000000ec100000, 0x0000000100000000)
  eden space 20480K, 100% used [0x00000000eab00000,0x00000000ebf00000,0x00000000ebf00000)
  from space 512K, 43% used [0x00000000ec080000,0x00000000ec0b8000,0x00000000ec100000)
  to   space 1024K, 0% used [0x00000000ebf00000,0x00000000ebf00000,0x00000000ec000000)
 ParOldGen       total 68608K, used 43841K [0x00000000c0000000, 0x00000000c4300000, 0x00000000eab00000)
  object space 68608K, 63% used [0x00000000c0000000,0x00000000c2ad05a0,0x00000000c4300000)
 Metaspace       used 59860K, committed 61056K, reserved 1114112K
  class space    used 6407K, committed 6976K, reserved 1048576K
}
Event: 40.697 GC heap after
{Heap after GC invocations=38 (full 3):
 PSYoungGen      total 21504K, used 786K [0x00000000eab00000, 0x00000000ec100000, 0x0000000100000000)
  eden space 20480K, 0% used [0x00000000eab00000,0x00000000eab00000,0x00000000ebf00000)
  from space 1024K, 76% used [0x00000000ebf00000,0x00000000ebfc4a68,0x00000000ec000000)
  to   space 1024K, 0% used [0x00000000ec000000,0x00000000ec000000,0x00000000ec100000)
 ParOldGen       total 68608K, used 43985K [0x00000000c0000000, 0x00000000c4300000, 0x00000000eab00000)
  object space 68608K, 64% used [0x00000000c0000000,0x00000000c2af45a0,0x00000000c4300000)
 Metaspace       used 59860K, committed 61056K, reserved 1114112K
  class space    used 6407K, committed 6976K, reserved 1048576K
}
Event: 41.202 GC heap before
{Heap before GC invocations=39 (full 3):
 PSYoungGen      total 21504K, used 21266K [0x00000000eab00000, 0x00000000ec100000, 0x0000000100000000)
  eden space 20480K, 100% used [0x00000000eab00000,0x00000000ebf00000,0x00000000ebf00000)
  from space 1024K, 76% used [0x00000000ebf00000,0x00000000ebfc4a68,0x00000000ec000000)
  to   space 1024K, 0% used [0x00000000ec000000,0x00000000ec000000,0x00000000ec100000)
 ParOldGen       total 68608K, used 43985K [0x00000000c0000000, 0x00000000c4300000, 0x00000000eab00000)
  object space 68608K, 64% used [0x00000000c0000000,0x00000000c2af45a0,0x00000000c4300000)
 Metaspace       used 59889K, committed 61120K, reserved 1114112K
  class space    used 6408K, committed 6976K, reserved 1048576K
}
Event: 41.204 GC heap after
{Heap after GC invocations=39 (full 3):
 PSYoungGen      total 20992K, used 999K [0x00000000eab00000, 0x00000000ec200000, 0x0000000100000000)
  eden space 19968K, 0% used [0x00000000eab00000,0x00000000eab00000,0x00000000ebe80000)
  from space 1024K, 97% used [0x00000000ec000000,0x00000000ec0f9d48,0x00000000ec100000)
  to   space 1536K, 0% used [0x00000000ebe80000,0x00000000ebe80000,0x00000000ec000000)
 ParOldGen       total 68608K, used 44285K [0x00000000c0000000, 0x00000000c4300000, 0x00000000eab00000)
  object space 68608K, 64% used [0x00000000c0000000,0x00000000c2b3f6a0,0x00000000c4300000)
 Metaspace       used 59889K, committed 61120K, reserved 1114112K
  class space    used 6408K, committed 6976K, reserved 1048576K
}
Event: 41.401 GC heap before
{Heap before GC invocations=40 (full 3):
 PSYoungGen      total 20992K, used 20967K [0x00000000eab00000, 0x00000000ec200000, 0x0000000100000000)
  eden space 19968K, 100% used [0x00000000eab00000,0x00000000ebe80000,0x00000000ebe80000)
  from space 1024K, 97% used [0x00000000ec000000,0x00000000ec0f9d48,0x00000000ec100000)
  to   space 1536K, 0% used [0x00000000ebe80000,0x00000000ebe80000,0x00000000ec000000)
 ParOldGen       total 68608K, used 44285K [0x00000000c0000000, 0x00000000c4300000, 0x00000000eab00000)
  object space 68608K, 64% used [0x00000000c0000000,0x00000000c2b3f6a0,0x00000000c4300000)
 Metaspace       used 59951K, committed 61184K, reserved 1114112K
  class space    used 6411K, committed 6976K, reserved 1048576K
}
Event: 41.405 GC heap after
{Heap after GC invocations=40 (full 3):
 PSYoungGen      total 21504K, used 1527K [0x00000000eab00000, 0x00000000ec680000, 0x0000000100000000)
  eden space 19968K, 0% used [0x00000000eab00000,0x00000000eab00000,0x00000000ebe80000)
  from space 1536K, 99% used [0x00000000ebe80000,0x00000000ebffdfd8,0x00000000ec000000)
  to   space 4096K, 0% used [0x00000000ec280000,0x00000000ec280000,0x00000000ec680000)
 ParOldGen       total 68608K, used 46260K [0x00000000c0000000, 0x00000000c4300000, 0x00000000eab00000)
  object space 68608K, 67% used [0x00000000c0000000,0x00000000c2d2d0a0,0x00000000c4300000)
 Metaspace       used 59951K, committed 61184K, reserved 1114112K
  class space    used 6411K, committed 6976K, reserved 1048576K
}
Event: 41.819 GC heap before
{Heap before GC invocations=41 (full 3):
 PSYoungGen      total 21504K, used 21495K [0x00000000eab00000, 0x00000000ec680000, 0x0000000100000000)
  eden space 19968K, 100% used [0x00000000eab00000,0x00000000ebe80000,0x00000000ebe80000)
  from space 1536K, 99% used [0x00000000ebe80000,0x00000000ebffdfd8,0x00000000ec000000)
  to   space 4096K, 0% used [0x00000000ec280000,0x00000000ec280000,0x00000000ec680000)
 ParOldGen       total 68608K, used 46260K [0x00000000c0000000, 0x00000000c4300000, 0x00000000eab00000)
  object space 68608K, 67% used [0x00000000c0000000,0x00000000c2d2d0a0,0x00000000c4300000)
 Metaspace       used 59960K, committed 61184K, reserved 1114112K
  class space    used 6411K, committed 6976K, reserved 1048576K
}
Event: 41.822 GC heap after
{Heap after GC invocations=41 (full 3):
 PSYoungGen      total 22528K, used 2201K [0x00000000eab00000, 0x00000000ec500000, 0x0000000100000000)
  eden space 19968K, 0% used [0x00000000eab00000,0x00000000eab00000,0x00000000ebe80000)
  from space 2560K, 85% used [0x00000000ec280000,0x00000000ec4a6428,0x00000000ec500000)
  to   space 3072K, 0% used [0x00000000ebf00000,0x00000000ebf00000,0x00000000ec200000)
 ParOldGen       total 68608K, used 47780K [0x00000000c0000000, 0x00000000c4300000, 0x00000000eab00000)
  object space 68608K, 69% used [0x00000000c0000000,0x00000000c2ea9228,0x00000000c4300000)
 Metaspace       used 59960K, committed 61184K, reserved 1114112K
  class space    used 6411K, committed 6976K, reserved 1048576K
}
Event: 41.926 GC heap before
{Heap before GC invocations=42 (full 3):
 PSYoungGen      total 22528K, used 22119K [0x00000000eab00000, 0x00000000ec500000, 0x0000000100000000)
  eden space 19968K, 99% used [0x00000000eab00000,0x00000000ebe73988,0x00000000ebe80000)
  from space 2560K, 85% used [0x00000000ec280000,0x00000000ec4a6428,0x00000000ec500000)
  to   space 3072K, 0% used [0x00000000ebf00000,0x00000000ebf00000,0x00000000ec200000)
 ParOldGen       total 68608K, used 47780K [0x00000000c0000000, 0x00000000c4300000, 0x00000000eab00000)
  object space 68608K, 69% used [0x00000000c0000000,0x00000000c2ea9228,0x00000000c4300000)
 Metaspace       used 59979K, committed 61184K, reserved 1114112K
  class space    used 6411K, committed 6976K, reserved 1048576K
}
Event: 41.929 GC heap after
{Heap after GC invocations=42 (full 3):
 PSYoungGen      total 22016K, used 1993K [0x00000000eab00000, 0x00000000ec380000, 0x0000000100000000)
  eden space 19968K, 0% used [0x00000000eab00000,0x00000000eab00000,0x00000000ebe80000)
  from space 2048K, 97% used [0x00000000ebf00000,0x00000000ec0f2478,0x00000000ec100000)
  to   space 2560K, 0% used [0x00000000ec100000,0x00000000ec100000,0x00000000ec380000)
 ParOldGen       total 68608K, used 49853K [0x00000000c0000000, 0x00000000c4300000, 0x00000000eab00000)
  object space 68608K, 72% used [0x00000000c0000000,0x00000000c30af598,0x00000000c4300000)
 Metaspace       used 59979K, committed 61184K, reserved 1114112K
  class space    used 6411K, committed 6976K, reserved 1048576K
}
Event: 42.683 GC heap before
{Heap before GC invocations=43 (full 3):
 PSYoungGen      total 22016K, used 21961K [0x00000000eab00000, 0x00000000ec380000, 0x0000000100000000)
  eden space 19968K, 100% used [0x00000000eab00000,0x00000000ebe80000,0x00000000ebe80000)
  from space 2048K, 97% used [0x00000000ebf00000,0x00000000ec0f2478,0x00000000ec100000)
  to   space 2560K, 0% used [0x00000000ec100000,0x00000000ec100000,0x00000000ec380000)
 ParOldGen       total 68608K, used 49853K [0x00000000c0000000, 0x00000000c4300000, 0x00000000eab00000)
  object space 68608K, 72% used [0x00000000c0000000,0x00000000c30af598,0x00000000c4300000)
 Metaspace       used 60993K, committed 62208K, reserved 1114112K
  class space    used 6569K, committed 7104K, reserved 1048576K
}
Event: 42.693 GC heap after
{Heap after GC invocations=43 (full 3):
 PSYoungGen      total 22016K, used 2515K [0x00000000eab00000, 0x00000000ec480000, 0x0000000100000000)
  eden space 19456K, 0% used [0x00000000eab00000,0x00000000eab00000,0x00000000ebe00000)
  from space 2560K, 98% used [0x00000000ec100000,0x00000000ec374f98,0x00000000ec380000)
  to   space 3072K, 0% used [0x00000000ebe00000,0x00000000ebe00000,0x00000000ec100000)
 ParOldGen       total 68608K, used 51790K [0x00000000c0000000, 0x00000000c4300000, 0x00000000eab00000)
  object space 68608K, 75% used [0x00000000c0000000,0x00000000c3293ba8,0x00000000c4300000)
 Metaspace       used 60993K, committed 62208K, reserved 1114112K
  class space    used 6569K, committed 7104K, reserved 1048576K
}
Event: 43.072 GC heap before
{Heap before GC invocations=44 (full 3):
 PSYoungGen      total 22016K, used 21971K [0x00000000eab00000, 0x00000000ec480000, 0x0000000100000000)
  eden space 19456K, 100% used [0x00000000eab00000,0x00000000ebe00000,0x00000000ebe00000)
  from space 2560K, 98% used [0x00000000ec100000,0x00000000ec374f98,0x00000000ec380000)
  to   space 3072K, 0% used [0x00000000ebe00000,0x00000000ebe00000,0x00000000ec100000)
 ParOldGen       total 68608K, used 51790K [0x00000000c0000000, 0x00000000c4300000, 0x00000000eab00000)
  object space 68608K, 75% used [0x00000000c0000000,0x00000000c3293ba8,0x00000000c4300000)
 Metaspace       used 61479K, committed 62656K, reserved 1114112K
  class space    used 6602K, committed 7168K, reserved 1048576K
}
Event: 43.077 GC heap after
{Heap after GC invocations=44 (full 3):
 PSYoungGen      total 20992K, used 1121K [0x00000000eab00000, 0x00000000ec200000, 0x0000000100000000)
  eden space 19456K, 0% used [0x00000000eab00000,0x00000000eab00000,0x00000000ebe00000)
  from space 1536K, 72% used [0x00000000ebe00000,0x00000000ebf18510,0x00000000ebf80000)
  to   space 2048K, 0% used [0x00000000ec000000,0x00000000ec000000,0x00000000ec200000)
 ParOldGen       total 68608K, used 54238K [0x00000000c0000000, 0x00000000c4300000, 0x00000000eab00000)
  object space 68608K, 79% used [0x00000000c0000000,0x00000000c34f7bc0,0x00000000c4300000)
 Metaspace       used 61479K, committed 62656K, reserved 1114112K
  class space    used 6602K, committed 7168K, reserved 1048576K
}
Event: 43.908 GC heap before
{Heap before GC invocations=45 (full 3):
 PSYoungGen      total 20992K, used 20577K [0x00000000eab00000, 0x00000000ec200000, 0x0000000100000000)
  eden space 19456K, 100% used [0x00000000eab00000,0x00000000ebe00000,0x00000000ebe00000)
  from space 1536K, 72% used [0x00000000ebe00000,0x00000000ebf18510,0x00000000ebf80000)
  to   space 2048K, 0% used [0x00000000ec000000,0x00000000ec000000,0x00000000ec200000)
 ParOldGen       total 68608K, used 54238K [0x00000000c0000000, 0x00000000c4300000, 0x00000000eab00000)
  object space 68608K, 79% used [0x00000000c0000000,0x00000000c34f7bc0,0x00000000c4300000)
 Metaspace       used 62453K, committed 63552K, reserved 1114112K
  class space    used 6703K, committed 7232K, reserved 1048576K
}
Event: 43.912 GC heap after
{Heap after GC invocations=45 (full 3):
 PSYoungGen      total 21504K, used 1589K [0x00000000eab00000, 0x00000000ec200000, 0x0000000100000000)
  eden space 19456K, 0% used [0x00000000eab00000,0x00000000eab00000,0x00000000ebe00000)
  from space 2048K, 77% used [0x00000000ec000000,0x00000000ec18d780,0x00000000ec200000)
  to   space 2048K, 0% used [0x00000000ebe00000,0x00000000ebe00000,0x00000000ec000000)
 ParOldGen       total 68608K, used 55214K [0x00000000c0000000, 0x00000000c4300000, 0x00000000eab00000)
  object space 68608K, 80% used [0x00000000c0000000,0x00000000c35eb968,0x00000000c4300000)
 Metaspace       used 62453K, committed 63552K, reserved 1114112K
  class space    used 6703K, committed 7232K, reserved 1048576K
}
Event: 46.644 GC heap before
{Heap before GC invocations=46 (full 3):
 PSYoungGen      total 21504K, used 21045K [0x00000000eab00000, 0x00000000ec200000, 0x0000000100000000)
  eden space 19456K, 100% used [0x00000000eab00000,0x00000000ebe00000,0x00000000ebe00000)
  from space 2048K, 77% used [0x00000000ec000000,0x00000000ec18d780,0x00000000ec200000)
  to   space 2048K, 0% used [0x00000000ebe00000,0x00000000ebe00000,0x00000000ec000000)
 ParOldGen       total 68608K, used 55214K [0x00000000c0000000, 0x00000000c4300000, 0x00000000eab00000)
  object space 68608K, 80% used [0x00000000c0000000,0x00000000c35eb968,0x00000000c4300000)
 Metaspace       used 64483K, committed 65664K, reserved 1114112K
  class space    used 6896K, committed 7424K, reserved 1048576K
}
Event: 46.657 GC heap after
{Heap after GC invocations=46 (full 3):
 PSYoungGen      total 21504K, used 1604K [0x00000000eab00000, 0x00000000ec200000, 0x0000000100000000)
  eden space 19456K, 0% used [0x00000000eab00000,0x00000000eab00000,0x00000000ebe00000)
  from space 2048K, 78% used [0x00000000ebe00000,0x00000000ebf91210,0x00000000ec000000)
  to   space 2048K, 0% used [0x00000000ec000000,0x00000000ec000000,0x00000000ec200000)
 ParOldGen       total 68608K, used 56749K [0x00000000c0000000, 0x00000000c4300000, 0x00000000eab00000)
  object space 68608K, 82% used [0x00000000c0000000,0x00000000c376b4c8,0x00000000c4300000)
 Metaspace       used 64483K, committed 65664K, reserved 1114112K
  class space    used 6896K, committed 7424K, reserved 1048576K
}

Dll operation events (10 events):
Event: 0.154 Loaded shared library c:\Users\USER\.vscode\extensions\redhat.java-1.19.0-win32-x64\jre\17.0.7-win32-x86_64\bin\java.dll
Event: 2.153 Loaded shared library c:\Users\USER\.vscode\extensions\redhat.java-1.19.0-win32-x64\jre\17.0.7-win32-x86_64\bin\zip.dll
Event: 2.174 Loaded shared library C:\Users\USER\.vscode\extensions\redhat.java-1.19.0-win32-x64\jre\17.0.7-win32-x86_64\bin\instrument.dll
Event: 2.375 Loaded shared library C:\Users\USER\.vscode\extensions\redhat.java-1.19.0-win32-x64\jre\17.0.7-win32-x86_64\bin\net.dll
Event: 2.413 Loaded shared library C:\Users\USER\.vscode\extensions\redhat.java-1.19.0-win32-x64\jre\17.0.7-win32-x86_64\bin\nio.dll
Event: 2.476 Loaded shared library C:\Users\USER\.vscode\extensions\redhat.java-1.19.0-win32-x64\jre\17.0.7-win32-x86_64\bin\zip.dll
Event: 2.630 Loaded shared library C:\Users\USER\.vscode\extensions\redhat.java-1.19.0-win32-x64\jre\17.0.7-win32-x86_64\bin\jimage.dll
Event: 2.800 Loaded shared library c:\Users\USER\.vscode\extensions\redhat.java-1.19.0-win32-x64\jre\17.0.7-win32-x86_64\bin\verify.dll
Event: 6.209 Loaded shared library C:\Users\USER\AppData\Roaming\Code\User\globalStorage\redhat.java\1.19.0\config_win\org.eclipse.equinox.launcher\org.eclipse.equinox.launcher.win32.win32.x86_64_1.2.700.v20221108-1024\eclipse_11801.dll
Event: 17.497 Loaded shared library C:\Users\USER\AppData\Local\Temp\jna-2614219\jna16269327485719314578.dll

Deoptimization events (20 events):
Event: 45.597 Thread 0x0000015c54d274b0 DEOPT PACKING pc=0x0000015c4583549c sp=0x0000005ad0ffd870
Event: 45.598 Thread 0x0000015c54d274b0 DEOPT UNPACKING pc=0x0000015c44e566a3 sp=0x0000005ad0ffd818 mode 2
Event: 45.598 Thread 0x0000015c54d274b0 Uncommon trap: trap_request=0xffffffde fr.pc=0x0000015c4583549c relative=0x0000000000000cdc
Event: 45.598 Thread 0x0000015c54d274b0 Uncommon trap: reason=class_check action=maybe_recompile pc=0x0000015c4583549c method=lombok.eclipse.EclipseNode.traverse(Llombok/eclipse/EclipseASTVisitor;)V @ 315 c2
Event: 45.598 Thread 0x0000015c54d274b0 DEOPT PACKING pc=0x0000015c4583549c sp=0x0000005ad0ffd7b0
Event: 45.598 Thread 0x0000015c54d274b0 DEOPT UNPACKING pc=0x0000015c44e566a3 sp=0x0000005ad0ffd758 mode 2
Event: 45.598 Thread 0x0000015c54d274b0 Uncommon trap: trap_request=0xffffffde fr.pc=0x0000015c4583549c relative=0x0000000000000cdc
Event: 45.598 Thread 0x0000015c54d274b0 Uncommon trap: reason=class_check action=maybe_recompile pc=0x0000015c4583549c method=lombok.eclipse.EclipseNode.traverse(Llombok/eclipse/EclipseASTVisitor;)V @ 315 c2
Event: 45.598 Thread 0x0000015c54d274b0 DEOPT PACKING pc=0x0000015c4583549c sp=0x0000005ad0ffd870
Event: 45.598 Thread 0x0000015c54d274b0 DEOPT UNPACKING pc=0x0000015c44e566a3 sp=0x0000005ad0ffd818 mode 2
Event: 46.294 Thread 0x0000015c54d274b0 Uncommon trap: trap_request=0xffffff76 fr.pc=0x0000015c4568cdd8 relative=0x0000000000000078
Event: 46.294 Thread 0x0000015c54d274b0 Uncommon trap: reason=predicate action=maybe_recompile pc=0x0000015c4568cdd8 method=java.util.TimSort.binarySort([Ljava/lang/Object;IIILjava/util/Comparator;)V @ 34 c2
Event: 46.295 Thread 0x0000015c54d274b0 DEOPT PACKING pc=0x0000015c4568cdd8 sp=0x0000005ad0ffd890
Event: 46.295 Thread 0x0000015c54d274b0 DEOPT UNPACKING pc=0x0000015c44e566a3 sp=0x0000005ad0ffd860 mode 2
Event: 47.000 Thread 0x0000015c54d274b0 DEOPT PACKING pc=0x0000015c3e759bf5 sp=0x0000005ad0ffcf40
Event: 47.000 Thread 0x0000015c54d274b0 DEOPT UNPACKING pc=0x0000015c44e56e43 sp=0x0000005ad0ffc370 mode 0
Event: 48.312 Thread 0x0000015c54d274b0 Uncommon trap: trap_request=0xffffff45 fr.pc=0x0000015c45637350 relative=0x0000000000000150
Event: 48.312 Thread 0x0000015c54d274b0 Uncommon trap: reason=unstable_if action=reinterpret pc=0x0000015c45637350 method=java.util.Arrays.equals([C[C)Z @ 8 c2
Event: 48.312 Thread 0x0000015c54d274b0 DEOPT PACKING pc=0x0000015c45637350 sp=0x0000005ad0ffd310
Event: 48.312 Thread 0x0000015c54d274b0 DEOPT UNPACKING pc=0x0000015c44e566a3 sp=0x0000005ad0ffd2c8 mode 2

Classes unloaded (7 events):
Event: 8.312 Thread 0x0000015c4e9c2350 Unloading class 0x0000000100219400 'java/lang/invoke/LambdaForm$MH+0x0000000100219400'
Event: 8.312 Thread 0x0000015c4e9c2350 Unloading class 0x0000000100219000 'java/lang/invoke/LambdaForm$MH+0x0000000100219000'
Event: 8.312 Thread 0x0000015c4e9c2350 Unloading class 0x0000000100218c00 'java/lang/invoke/LambdaForm$MH+0x0000000100218c00'
Event: 8.312 Thread 0x0000015c4e9c2350 Unloading class 0x0000000100218800 'java/lang/invoke/LambdaForm$MH+0x0000000100218800'
Event: 8.312 Thread 0x0000015c4e9c2350 Unloading class 0x0000000100218000 'java/lang/invoke/LambdaForm$BMH+0x0000000100218000'
Event: 8.312 Thread 0x0000015c4e9c2350 Unloading class 0x0000000100217c00 'java/lang/invoke/LambdaForm$DMH+0x0000000100217c00'
Event: 8.312 Thread 0x0000015c4e9c2350 Unloading class 0x0000000100215000 'java/lang/invoke/LambdaForm$DMH+0x0000000100215000'

Classes redefined (0 events):
No events

Internal exceptions (20 events):
Event: 43.913 Thread 0x0000015c54d25ca0 Exception <a 'java/lang/NoSuchMethodError'{0x00000000eab25228}: 'int java.lang.invoke.DirectMethodHandle$Holder.invokeStatic(java.lang.Object, int, java.lang.Object)'> (0x00000000eab25228) 
thrown [s\src\hotspot\share\interpreter\linkResolver.cpp, line 759]
Event: 44.694 Thread 0x0000015c54d274b0 Exception <a 'java/lang/NoSuchMethodError'{0x00000000eb4bae98}: 'java.lang.Object java.lang.invoke.DirectMethodHandle$Holder.invokeStatic(java.lang.Object, int, java.lang.Object)'> (0x00000000eb4bae98) 
thrown [s\src\hotspot\share\interpreter\linkResolver.cpp, line 759]
Event: 44.702 Thread 0x0000015c54d274b0 Exception <a 'java/lang/ClassNotFoundException'{0x00000000eb5028a8}: sun/util/logging/resources/spi/loggingProvider> (0x00000000eb5028a8) 
thrown [s\src\hotspot\share\classfile\systemDictionary.cpp, line 256]
Event: 45.328 Thread 0x0000015c54d26170 Exception <a 'sun/nio/fs/WindowsException'{0x00000000eb40af58}> (0x00000000eb40af58) 
thrown [s\src\hotspot\share\prims\jni.cpp, line 516]
Event: 45.594 Thread 0x0000015c54d274b0 Exception <a 'java/lang/ArrayIndexOutOfBoundsException'{0x00000000eb76f628}: Index 506 out of bounds for length 506> (0x00000000eb76f628) 
thrown [s\src\hotspot\share\interpreter\interpreterRuntime.cpp, line 428]
Event: 45.594 Thread 0x0000015c54d274b0 Exception <a 'java/lang/ArrayIndexOutOfBoundsException'{0x00000000eb76fd28}: Index 506 out of bounds for length 506> (0x00000000eb76fd28) 
thrown [s\src\hotspot\share\interpreter\interpreterRuntime.cpp, line 428]
Event: 45.594 Thread 0x0000015c54d274b0 Exception <a 'java/lang/ArrayIndexOutOfBoundsException'{0x00000000eb770118}: Index 507 out of bounds for length 506> (0x00000000eb770118) 
thrown [s\src\hotspot\share\interpreter\interpreterRuntime.cpp, line 428]
Event: 46.520 Thread 0x0000015c54d274b0 Exception <a 'java/lang/ArrayIndexOutOfBoundsException'{0x00000000ebdcff98}> (0x00000000ebdcff98) 
thrown [s\src\hotspot\share\runtime\sharedRuntime.cpp, line 628]
Event: 46.520 Thread 0x0000015c54d274b0 Exception <a 'java/lang/ArrayIndexOutOfBoundsException'{0x00000000ebdd0630}> (0x00000000ebdd0630) 
thrown [s\src\hotspot\share\runtime\sharedRuntime.cpp, line 628]
Event: 46.643 Thread 0x0000015c54d26170 Exception <a 'sun/nio/fs/WindowsException'{0x00000000eb8dc6b8}> (0x00000000eb8dc6b8) 
thrown [s\src\hotspot\share\prims\jni.cpp, line 516]
Event: 46.785 Thread 0x0000015c54d274b0 Exception <a 'java/lang/ArrayIndexOutOfBoundsException'{0x00000000eac14f90}> (0x00000000eac14f90) 
thrown [s\src\hotspot\share\runtime\sharedRuntime.cpp, line 628]
Event: 46.785 Thread 0x0000015c54d274b0 Exception <a 'java/lang/ArrayIndexOutOfBoundsException'{0x00000000eac15690}> (0x00000000eac15690) 
thrown [s\src\hotspot\share\runtime\sharedRuntime.cpp, line 628]
Event: 46.785 Thread 0x0000015c54d274b0 Exception <a 'java/lang/ArrayIndexOutOfBoundsException'{0x00000000eac15a80}> (0x00000000eac15a80) 
thrown [s\src\hotspot\share\runtime\sharedRuntime.cpp, line 628]
Event: 47.436 Thread 0x0000015c54d274b0 Exception <a 'java/lang/ArrayIndexOutOfBoundsException'{0x00000000eb2728f8}> (0x00000000eb2728f8) 
thrown [s\src\hotspot\share\runtime\sharedRuntime.cpp, line 628]
Event: 47.436 Thread 0x0000015c54d274b0 Exception <a 'java/lang/ArrayIndexOutOfBoundsException'{0x00000000eb272f90}> (0x00000000eb272f90) 
thrown [s\src\hotspot\share\runtime\sharedRuntime.cpp, line 628]
Event: 47.686 Thread 0x0000015c54d26170 Exception <a 'sun/nio/fs/WindowsException'{0x00000000ead06d28}> (0x00000000ead06d28) 
thrown [s\src\hotspot\share\prims\jni.cpp, line 516]
Event: 48.160 Thread 0x0000015c54d274b0 Exception <a 'java/lang/ArrayIndexOutOfBoundsException'{0x00000000eb39a9e0}> (0x00000000eb39a9e0) 
thrown [s\src\hotspot\share\runtime\sharedRuntime.cpp, line 628]
Event: 48.160 Thread 0x0000015c54d274b0 Exception <a 'java/lang/ArrayIndexOutOfBoundsException'{0x00000000eb39b0e0}> (0x00000000eb39b0e0) 
thrown [s\src\hotspot\share\runtime\sharedRuntime.cpp, line 628]
Event: 48.161 Thread 0x0000015c54d274b0 Exception <a 'java/lang/ArrayIndexOutOfBoundsException'{0x00000000eb39b4d0}> (0x00000000eb39b4d0) 
thrown [s\src\hotspot\share\runtime\sharedRuntime.cpp, line 628]
Event: 48.312 Thread 0x0000015c54d274b0 Implicit null exception at 0x0000015c45637224 to 0x0000015c4563733c

VM Operations (20 events):
Event: 43.862 Executing VM operation: ICBufferFull
Event: 43.864 Executing VM operation: ICBufferFull done
Event: 43.864 Executing VM operation: ICBufferFull
Event: 43.876 Executing VM operation: ICBufferFull done
Event: 43.887 Executing VM operation: HandshakeAllThreads
Event: 43.887 Executing VM operation: HandshakeAllThreads done
Event: 43.908 Executing VM operation: ParallelGCFailedAllocation
Event: 43.912 Executing VM operation: ParallelGCFailedAllocation done
Event: 44.784 Executing VM operation: HandshakeAllThreads
Event: 44.786 Executing VM operation: HandshakeAllThreads done
Event: 45.202 Executing VM operation: HandshakeAllThreads
Event: 45.202 Executing VM operation: HandshakeAllThreads done
Event: 45.202 Executing VM operation: Cleanup
Event: 45.202 Executing VM operation: Cleanup done
Event: 46.203 Executing VM operation: Cleanup
Event: 46.270 Executing VM operation: Cleanup done
Event: 46.644 Executing VM operation: ParallelGCFailedAllocation
Event: 46.657 Executing VM operation: ParallelGCFailedAllocation done
Event: 47.657 Executing VM operation: Cleanup
Event: 47.657 Executing VM operation: Cleanup done

Events (20 events):
Event: 45.244 Thread 0x0000015c4eace890 flushing nmethod 0x0000015c3e723c90
Event: 45.244 Thread 0x0000015c4eace890 flushing nmethod 0x0000015c3e733290
Event: 45.244 Thread 0x0000015c4eace890 flushing nmethod 0x0000015c3e734590
Event: 45.244 Thread 0x0000015c4eace890 flushing nmethod 0x0000015c3e75e390
Event: 45.244 Thread 0x0000015c4eace890 flushing nmethod 0x0000015c3e767d10
Event: 45.244 Thread 0x0000015c4eace890 flushing nmethod 0x0000015c3e769390
Event: 45.245 Thread 0x0000015c4eace890 flushing nmethod 0x0000015c3e784290
Event: 45.245 Thread 0x0000015c4eace890 flushing nmethod 0x0000015c3e785290
Event: 45.245 Thread 0x0000015c4eace890 flushing nmethod 0x0000015c3e786010
Event: 45.245 Thread 0x0000015c4eace890 flushing nmethod 0x0000015c3e786710
Event: 45.245 Thread 0x0000015c4eace890 flushing nmethod 0x0000015c3e78f190
Event: 45.245 Thread 0x0000015c4eace890 flushing nmethod 0x0000015c3e7a0f10
Event: 45.245 Thread 0x0000015c4eace890 flushing nmethod 0x0000015c3e7b6490
Event: 45.246 Thread 0x0000015c4eace890 flushing nmethod 0x0000015c3e7d7290
Event: 45.246 Thread 0x0000015c4eace890 flushing nmethod 0x0000015c3e7d8e90
Event: 45.246 Thread 0x0000015c4eace890 flushing nmethod 0x0000015c3e802310
Event: 45.477 Thread 0x0000015c5594a270 Thread exited: 0x0000015c5594a270
Event: 46.131 Thread 0x0000015c55a275b0 Thread added: 0x0000015c55a275b0
Event: 46.679 Thread 0x0000015c55a275b0 Thread exited: 0x0000015c55a275b0
Event: 47.057 Thread 0x0000015c55a275b0 Thread added: 0x0000015c55a275b0


Dynamic libraries:
0x00007ff65df50000 - 0x00007ff65df5e000 	c:\Users\USER\.vscode\extensions\redhat.java-1.19.0-win32-x64\jre\17.0.7-win32-x86_64\bin\java.exe
0x00007ffeef680000 - 0x00007ffeef870000 	C:\Windows\SYSTEM32\ntdll.dll
0x00007ffeeec00000 - 0x00007ffeeecb2000 	C:\Windows\System32\KERNEL32.DLL
0x00007ffeed320000 - 0x00007ffeed5c3000 	C:\Windows\System32\KERNELBASE.dll
0x00007ffeec7c0000 - 0x00007ffeec8ba000 	C:\Windows\System32\ucrtbase.dll
0x00007ffee43d0000 - 0x00007ffee43e7000 	c:\Users\USER\.vscode\extensions\redhat.java-1.19.0-win32-x64\jre\17.0.7-win32-x86_64\bin\jli.dll
0x00007ffeee9c0000 - 0x00007ffeeeb53000 	C:\Windows\System32\USER32.dll
0x00007ffeed5d0000 - 0x00007ffeed5f1000 	C:\Windows\System32\win32u.dll
0x00007ffeee900000 - 0x00007ffeee926000 	C:\Windows\System32\GDI32.dll
0x00007ffeec620000 - 0x00007ffeec7b4000 	C:\Windows\System32\gdi32full.dll
0x00007ffeecb00000 - 0x00007ffeecb9e000 	C:\Windows\System32\msvcp_win.dll
0x00007ffed4110000 - 0x00007ffed4129000 	c:\Users\USER\.vscode\extensions\redhat.java-1.19.0-win32-x64\jre\17.0.7-win32-x86_64\bin\VCRUNTIME140.dll
0x00007ffee0ca0000 - 0x00007ffee0f25000 	C:\Windows\WinSxS\amd64_microsoft.windows.common-controls_6595b64144ccf1df_6.0.18362.239_none_e6c7aebd130c7608\COMCTL32.dll
0x00007ffeef2e0000 - 0x00007ffeef37e000 	C:\Windows\System32\msvcrt.dll
0x00007ffeeed50000 - 0x00007ffeef086000 	C:\Windows\System32\combase.dll
0x00007ffeede80000 - 0x00007ffeedfa0000 	C:\Windows\System32\RPCRT4.dll
0x00007ffeeca80000 - 0x00007ffeecb00000 	C:\Windows\System32\bcryptPrimitives.dll
0x00007ffeef140000 - 0x00007ffeef16e000 	C:\Windows\System32\IMM32.DLL
0x000000005a490000 - 0x000000005a49c000 	C:\Program Files (x86)\360\Total Security\safemon\SafeWrapper.dll
0x00007ffeef590000 - 0x00007ffeef633000 	C:\Windows\System32\ADVAPI32.dll
0x00007ffeeeb60000 - 0x00007ffeeebf7000 	C:\Windows\System32\sechost.dll
0x00007ffed5b50000 - 0x00007ffed5be2000 	C:\Program Files (x86)\360\Total Security\safemon\libzdtp64.dll
0x00007ffeed740000 - 0x00007ffeede20000 	C:\Windows\System32\SHELL32.dll
0x00007ffeec8c0000 - 0x00007ffeec90a000 	C:\Windows\System32\cfgmgr32.dll
0x00007ffeef090000 - 0x00007ffeef139000 	C:\Windows\System32\shcore.dll
0x00007ffeecba0000 - 0x00007ffeed31b000 	C:\Windows\System32\windows.storage.dll
0x00007ffeec570000 - 0x00007ffeec58f000 	C:\Windows\System32\profapi.dll
0x00007ffeec5b0000 - 0x00007ffeec5fa000 	C:\Windows\System32\powrprof.dll
0x00007ffeec560000 - 0x00007ffeec570000 	C:\Windows\System32\UMPDC.dll
0x00007ffeee960000 - 0x00007ffeee9b2000 	C:\Windows\System32\shlwapi.dll
0x00007ffeec590000 - 0x00007ffeec5a1000 	C:\Windows\System32\kernel.appcore.dll
0x00007ffeeca60000 - 0x00007ffeeca77000 	C:\Windows\System32\cryptsp.dll
0x00007ffeec160000 - 0x00007ffeec16a000 	C:\Windows\SYSTEM32\VERSION.dll
0x00007ffee6560000 - 0x00007ffee656c000 	c:\Users\USER\.vscode\extensions\redhat.java-1.19.0-win32-x64\jre\17.0.7-win32-x86_64\bin\vcruntime140_1.dll
0x00007ffec1100000 - 0x00007ffec1191000 	c:\Users\USER\.vscode\extensions\redhat.java-1.19.0-win32-x64\jre\17.0.7-win32-x86_64\bin\msvcp140.dll
0x00007ffeb3010000 - 0x00007ffeb3c58000 	c:\Users\USER\.vscode\extensions\redhat.java-1.19.0-win32-x64\jre\17.0.7-win32-x86_64\bin\server\jvm.dll
0x00007ffee1380000 - 0x00007ffee1389000 	C:\Windows\SYSTEM32\WSOCK32.dll
0x00007ffeee890000 - 0x00007ffeee8ff000 	C:\Windows\System32\WS2_32.dll
0x00007ffeea5e0000 - 0x00007ffeea604000 	C:\Windows\SYSTEM32\WINMM.dll
0x00007ffeea5b0000 - 0x00007ffeea5dd000 	C:\Windows\SYSTEM32\WINMMBASE.dll
0x00007ffedf140000 - 0x00007ffedf14a000 	c:\Users\USER\.vscode\extensions\redhat.java-1.19.0-win32-x64\jre\17.0.7-win32-x86_64\bin\jimage.dll
0x00007ffee3ec0000 - 0x00007ffee40b4000 	C:\Windows\SYSTEM32\DBGHELP.DLL
0x00007ffee3d60000 - 0x00007ffee3d8a000 	C:\Windows\SYSTEM32\dbgcore.DLL
0x00007ffede2a0000 - 0x00007ffede2ae000 	c:\Users\USER\.vscode\extensions\redhat.java-1.19.0-win32-x64\jre\17.0.7-win32-x86_64\bin\instrument.dll
0x00007ffed3150000 - 0x00007ffed3175000 	c:\Users\USER\.vscode\extensions\redhat.java-1.19.0-win32-x64\jre\17.0.7-win32-x86_64\bin\java.dll
0x00007ffed3130000 - 0x00007ffed3148000 	c:\Users\USER\.vscode\extensions\redhat.java-1.19.0-win32-x64\jre\17.0.7-win32-x86_64\bin\zip.dll
0x00007ffecd5b0000 - 0x00007ffecd5c9000 	C:\Users\USER\.vscode\extensions\redhat.java-1.19.0-win32-x64\jre\17.0.7-win32-x86_64\bin\net.dll
0x00007ffee3c00000 - 0x00007ffee3cf0000 	C:\Windows\SYSTEM32\WINHTTP.dll
0x00007ffeebd60000 - 0x00007ffeebdc7000 	C:\Windows\system32\mswsock.dll
0x00007ffecc590000 - 0x00007ffecc5a5000 	C:\Users\USER\.vscode\extensions\redhat.java-1.19.0-win32-x64\jre\17.0.7-win32-x86_64\bin\nio.dll
0x00007ffede230000 - 0x00007ffede240000 	c:\Users\USER\.vscode\extensions\redhat.java-1.19.0-win32-x64\jre\17.0.7-win32-x86_64\bin\verify.dll
0x00007ffee5360000 - 0x00007ffee539e000 	C:\Users\USER\AppData\Roaming\Code\User\globalStorage\redhat.java\1.19.0\config_win\org.eclipse.equinox.launcher\org.eclipse.equinox.launcher.win32.win32.x86_64_1.2.700.v20221108-1024\eclipse_11801.dll
0x00007ffeef170000 - 0x00007ffeef2c6000 	C:\Windows\System32\ole32.dll
0x00007ffeeb920000 - 0x00007ffeeb953000 	C:\Windows\system32\rsaenh.dll
0x00007ffeed660000 - 0x00007ffeed686000 	C:\Windows\System32\bcrypt.dll
0x00007ffeec480000 - 0x00007ffeec4a5000 	C:\Windows\SYSTEM32\USERENV.dll
0x00007ffeebf30000 - 0x00007ffeebf3c000 	C:\Windows\SYSTEM32\CRYPTBASE.dll
0x00007ffeebac0000 - 0x00007ffeebafa000 	C:\Windows\SYSTEM32\IPHLPAPI.DLL
0x00007ffeee930000 - 0x00007ffeee938000 	C:\Windows\System32\NSI.dll
0x00007ffee42f0000 - 0x00007ffee4306000 	C:\Windows\SYSTEM32\dhcpcsvc6.DLL
0x00007ffee4590000 - 0x00007ffee45ac000 	C:\Windows\SYSTEM32\dhcpcsvc.DLL
0x00007ffeebb00000 - 0x00007ffeebbca000 	C:\Windows\SYSTEM32\DNSAPI.dll
0x00007ffed5bf0000 - 0x00007ffed5c35000 	C:\Users\USER\AppData\Local\Temp\jna-2614219\jna16269327485719314578.dll
0x00007ffeef2d0000 - 0x00007ffeef2d8000 	C:\Windows\System32\PSAPI.DLL

dbghelp: loaded successfully - version: 4.0.5 - missing functions: none
symbol engine: initialized successfully - sym options: 0x614 - pdb path: .;c:\Users\USER\.vscode\extensions\redhat.java-1.19.0-win32-x64\jre\17.0.7-win32-x86_64\bin;C:\Windows\SYSTEM32;C:\Windows\WinSxS\amd64_microsoft.windows.common-controls_6595b64144ccf1df_6.0.18362.239_none_e6c7aebd130c7608;C:\Program Files (x86)\360\Total Security\safemon;c:\Users\USER\.vscode\extensions\redhat.java-1.19.0-win32-x64\jre\17.0.7-win32-x86_64\bin\server;C:\Users\USER\AppData\Roaming\Code\User\globalStorage\redhat.java\1.19.0\config_win\org.eclipse.equinox.launcher\org.eclipse.equinox.launcher.win32.win32.x86_64_1.2.700.v20221108-1024;C:\Users\USER\AppData\Local\Temp\jna-2614219

VM Arguments:
jvm_args: --add-modules=ALL-SYSTEM --add-opens=java.base/java.util=ALL-UNNAMED --add-opens=java.base/java.lang=ALL-UNNAMED --add-opens=java.base/sun.nio.fs=ALL-UNNAMED -Declipse.application=org.eclipse.jdt.ls.core.id1 -Dosgi.bundles.defaultStartLevel=4 -Declipse.product=org.eclipse.jdt.ls.core.product -Djava.import.generatesMetadataFilesAtProjectRoot=false -Dfile.encoding=utf8 -XX:+UseParallelGC -XX:GCTimeRatio=4 -XX:AdaptiveSizePolicyWeight=90 -Dsun.zip.disableMemoryMapping=true -Xmx1G -Xms100m -Xlog:disable -javaagent:c:\Users\USER\.vscode\extensions\redhat.java-1.19.0-win32-x64\lombok\lombok-1.18.28.jar -XX:+HeapDumpOnOutOfMemoryError -XX:HeapDumpPath=c:\Users\USER\AppData\Roaming\Code\User\workspaceStorage\1702ad736f4aa6bf5abd61ef8a644695\redhat.java -Daether.dependencyCollector.impl=bf 
java_command: c:\Users\USER\.vscode\extensions\redhat.java-1.19.0-win32-x64\server\plugins\org.eclipse.equinox.launcher_1.6.400.v20210924-0641.jar -configuration c:\Users\USER\AppData\Roaming\Code\User\globalStorage\redhat.java\1.19.0\config_win -data c:\Users\USER\AppData\Roaming\Code\User\workspaceStorage\1702ad736f4aa6bf5abd61ef8a644695\redhat.java\jdt_ws
java_class_path (initial): c:\Users\USER\.vscode\extensions\redhat.java-1.19.0-win32-x64\server\plugins\org.eclipse.equinox.launcher_1.6.400.v20210924-0641.jar
Launcher Type: SUN_STANDARD

[Global flags]
    uintx AdaptiveSizePolicyWeight                 = 90                                        {product} {command line}
     intx CICompilerCount                          = 3                                         {product} {ergonomic}
    uintx GCTimeRatio                              = 4                                         {product} {command line}
     bool HeapDumpOnOutOfMemoryError               = true                                   {manageable} {command line}
    ccstr HeapDumpPath                             = c:\Users\USER\AppData\Roaming\Code\User\workspaceStorage\1702ad736f4aa6bf5abd61ef8a644695\redhat.java         {manageable} {command line}
   size_t InitialHeapSize                          = 104857600                                 {product} {command line}
   size_t MaxHeapSize                              = 1073741824                                {product} {command line}
   size_t MaxNewSize                               = 357564416                                 {product} {ergonomic}
   size_t MinHeapDeltaBytes                        = 524288                                    {product} {ergonomic}
   size_t MinHeapSize                              = 104857600                                 {product} {command line}
   size_t NewSize                                  = 34603008                                  {product} {ergonomic}
    uintx NonNMethodCodeHeapSize                   = 5832780                                {pd product} {ergonomic}
    uintx NonProfiledCodeHeapSize                  = 122912730                              {pd product} {ergonomic}
   size_t OldSize                                  = 70254592                                  {product} {ergonomic}
    uintx ProfiledCodeHeapSize                     = 122912730                              {pd product} {ergonomic}
    uintx ReservedCodeCacheSize                    = 251658240                              {pd product} {ergonomic}
     bool SegmentedCodeCache                       = true                                      {product} {ergonomic}
   size_t SoftMaxHeapSize                          = 1073741824                             {manageable} {ergonomic}
     bool UseCompressedClassPointers               = true                           {product lp64_product} {ergonomic}
     bool UseCompressedOops                        = true                           {product lp64_product} {ergonomic}
     bool UseLargePagesIndividualAllocation        = false                                  {pd product} {ergonomic}
     bool UseParallelGC                            = true                                      {product} {command line}

Logging:
Log output configuration:
 #0: stdout all=off uptime,level,tags
 #1: stderr all=off uptime,level,tags

Environment Variables:
JAVA_HOME=C:\Program Files\Java\jdk-17
PATH=C:\Program Files\Common Files\Oracle\Java\javapath;C:\Windows\system32;C:\Windows;C:\Windows\System32\Wbem;C:\Windows\System32\WindowsPowerShell\v1.0\;C:\Windows\System32\OpenSSH\;C:\Program Files\nodejs\;C:\Program Files\Git\cmd;C:\Program Files\apache-maven-3.9.0\bin;C:\Program Files\Java\jdk-17\bin;C:\Users\USER\AppData\Local\Microsoft\WindowsApps;C:\Users\USER\AppData\Roaming\npm;C:\Program Files\apache-maven-3.9.0\bin;C:\Program Files\Java\jdk-17\bin;C:\Users\USER\AppData\Local\Programs\Microsoft VS Code\bin
USERNAME=USER
OS=Windows_NT
PROCESSOR_IDENTIFIER=Intel64 Family 6 Model 61 Stepping 4, GenuineIntel
TMP=C:\Users\USER\AppData\Local\Temp
TEMP=C:\Users\USER\AppData\Local\Temp



---------------  S Y S T E M  ---------------

OS:
 Windows 10 , 64 bit Build 18362 (10.0.18362.86)
OS uptime: 0 days 15:29 hours

CPU: total 4 (initial active 4) (2 cores per cpu, 2 threads per core) family 6 model 61 stepping 4 microcode 0x2b, cx8, cmov, fxsr, ht, mmx, 3dnowpref, sse, sse2, sse3, ssse3, sse4.1, sse4.2, popcnt, lzcnt, tsc, tscinvbit, avx, avx2, aes, erms, clmul, bmi1, bmi2, rtm, adx, fma, vzeroupper, clflush

Memory: 4k page, system-wide physical 3975M (532M free)
TotalPageFile size 7477M (AvailPageFile size 5M)
current process WorkingSet (physical memory assigned to process): 272M, peak: 279M
current process commit charge ("private bytes"): 316M, peak: 320M

vm_info: OpenJDK 64-Bit Server VM (17.0.7+7) for windows-amd64 JRE (17.0.7+7), built on Apr 18 2023 22:10:42 by "temurin" with MS VC++ 16.7 (VS2019)

END.
