#
# There is insufficient memory for the Java Runtime Environment to continue.
# Native memory allocation (malloc) failed to allocate 37776 bytes for Chunk::new
# Possible reasons:
#   The system is out of physical RAM or swap space
#   The process is running with CompressedOops enabled, and the Java Heap may be blocking the growth of the native heap
# Possible solutions:
#   Reduce memory load on the system
#   Increase physical memory or swap space
#   Check if swap backing store is full
#   Decrease Java heap size (-Xmx/-Xms)
#   Decrease number of Java threads
#   Decrease Java thread stack sizes (-Xss)
#   Set larger code cache with -XX:ReservedCodeCacheSize=
#   JVM is running with Unscaled Compressed Oops mode in which the Java heap is
#     placed in the first 4GB address space. The Java Heap base address is the
#     maximum limit for the native heap growth. Please use -XX:HeapBaseMinAddress
#     to set the Java Heap base and to place the Java Heap above 4GB virtual address.
# This output file may be truncated or incomplete.
#
#  Out of Memory Error (arena.cpp:189), pid=25968, tid=26044
#
# JRE version: Java(TM) SE Runtime Environment (17.0.6+9) (build 17.0.6+9-LTS-190)
# Java VM: Java HotSpot(TM) 64-Bit Server VM (17.0.6+9-LTS-190, mixed mode, sharing, tiered, compressed oops, compressed class ptrs, g1 gc, windows-amd64)
# No core dump will be written. Minidumps are not enabled by default on client versions of Windows
#

---------------  S U M M A R Y ------------

Command Line: -Dclassworlds.conf=C:\Program Files\apache-maven-3.9.0\bin\m2.conf -Dmaven.home=C:\Program Files\apache-maven-3.9.0 -Dlibrary.jansi.path=C:\Program Files\apache-maven-3.9.0\lib\jansi-native -Dmaven.multiModuleProjectDirectory=C:\Users\USER\Desktop\New folder\ZFP_Back\ZFP_Back org.codehaus.plexus.classworlds.launcher.Launcher spring-boot:run

Host: Intel(R) Core(TM) i5-5300U CPU @ 2.30GHz, 4 cores, 3G,  Windows 10 , 64 bit Build 18362 (10.0.18362.86)
Time: Wed Jun  7 00:40:15 2023 GMT Daylight Time elapsed time: 0.085512 seconds (0d 0h 0m 0s)

---------------  T H R E A D  ---------------

Current thread (0x000001f530b17fd0):  JavaThread "C2 CompilerThread0" daemon [_thread_in_native, id=26044, stack(0x00000079e0400000,0x00000079e0500000)]


Current CompileTask:
C2:     85   16       4       java.lang.StringLatin1::hashCode (42 bytes)

Stack: [0x00000079e0400000,0x00000079e0500000]
Native frames: (J=compiled Java code, j=interpreted, Vv=VM code, C=native code)
V  [jvm.dll+0x6734ea]
V  [jvm.dll+0x7d18f4]
V  [jvm.dll+0x7d309e]
V  [jvm.dll+0x7d3703]
V  [jvm.dll+0x2433c5]
V  [jvm.dll+0xaa46b]
V  [jvm.dll+0xaaa0c]
V  [jvm.dll+0x2a8b1f]
V  [jvm.dll+0x57bf85]
V  [jvm.dll+0x21e142]
V  [jvm.dll+0x21e51f]
V  [jvm.dll+0x217c36]
V  [jvm.dll+0x215109]
V  [jvm.dll+0x1a1730]
V  [jvm.dll+0x224b6e]
V  [jvm.dll+0x222f15]
V  [jvm.dll+0x78753c]
V  [jvm.dll+0x781a7a]
V  [jvm.dll+0x672375]
C  [ucrtbase.dll+0x1d912]
C  [KERNEL32.DLL+0x17bd4]
C  [ntdll.dll+0x6ce71]


---------------  P R O C E S S  ---------------

Threads class SMR info:
_java_thread_list=0x000001f53162ed80, length=13, elements={
0x000001f515905f90, 0x000001f530af75d0, 0x000001f530af8bc0, 0x000001f530afc910,
0x000001f530b0ba10, 0x000001f530b10aa0, 0x000001f530b13720, 0x000001f530b17fd0,
0x000001f530b18e20, 0x000001f530b2af00, 0x000001f531603f60, 0x000001f53161d6a0,
0x000001f53163a7d0
}

Java Threads: ( => current thread )
  0x000001f515905f90 JavaThread "main" [_thread_in_Java, id=25992, stack(0x00000079df700000,0x00000079df800000)]
  0x000001f530af75d0 JavaThread "Reference Handler" daemon [_thread_blocked, id=26020, stack(0x00000079dfe00000,0x00000079dff00000)]
  0x000001f530af8bc0 JavaThread "Finalizer" daemon [_thread_blocked, id=26024, stack(0x00000079dff00000,0x00000079e0000000)]
  0x000001f530afc910 JavaThread "Signal Dispatcher" daemon [_thread_blocked, id=26028, stack(0x00000079e0000000,0x00000079e0100000)]
  0x000001f530b0ba10 JavaThread "Attach Listener" daemon [_thread_blocked, id=26032, stack(0x00000079e0100000,0x00000079e0200000)]
  0x000001f530b10aa0 JavaThread "Service Thread" daemon [_thread_blocked, id=26036, stack(0x00000079e0200000,0x00000079e0300000)]
  0x000001f530b13720 JavaThread "Monitor Deflation Thread" daemon [_thread_blocked, id=26040, stack(0x00000079e0300000,0x00000079e0400000)]
=>0x000001f530b17fd0 JavaThread "C2 CompilerThread0" daemon [_thread_in_native, id=26044, stack(0x00000079e0400000,0x00000079e0500000)]
  0x000001f530b18e20 JavaThread "C1 CompilerThread0" daemon [_thread_blocked, id=26048, stack(0x00000079e0500000,0x00000079e0600000)]
  0x000001f530b2af00 JavaThread "Sweeper thread" daemon [_thread_blocked, id=26052, stack(0x00000079e0600000,0x00000079e0700000)]
  0x000001f531603f60 JavaThread "Notification Thread" daemon [_thread_blocked, id=26056, stack(0x00000079e0700000,0x00000079e0800000)]
  0x000001f53161d6a0 JavaThread "Common-Cleaner" daemon [_thread_blocked, id=26064, stack(0x00000079e0900000,0x00000079e0a00000)]
  0x000001f53163a7d0 JavaThread "C2 CompilerThread1" daemon [_thread_in_native, id=26072, stack(0x00000079e0a00000,0x00000079e0b00000)]

Other Threads:
  0x000001f530af2650 VMThread "VM Thread" [stack: 0x00000079dfd00000,0x00000079dfe00000] [id=26016]
  0x000001f5159653c0 WatcherThread [stack: 0x00000079e0800000,0x00000079e0900000] [id=26060]
  0x000001f515954f30 GCTaskThread "GC Thread#0" [stack: 0x00000079df800000,0x00000079df900000] [id=25996]
  0x000001f51595dab0 ConcurrentGCThread "G1 Main Marker" [stack: 0x00000079df900000,0x00000079dfa00000] [id=26000]
  0x000001f51595e4c0 ConcurrentGCThread "G1 Conc#0" [stack: 0x00000079dfa00000,0x00000079dfb00000] [id=26004]
  0x000001f5159923f0 ConcurrentGCThread "G1 Refine#0" [stack: 0x00000079dfb00000,0x00000079dfc00000] [id=26008]
  0x000001f515992e10 ConcurrentGCThread "G1 Service" [stack: 0x00000079dfc00000,0x00000079dfd00000] [id=26012]

Threads with active compile tasks:
C2 CompilerThread0      256   16       4       java.lang.StringLatin1::hashCode (42 bytes)
C2 CompilerThread1      256  106       4       java.lang.String::charAt (25 bytes)

VM state: not at safepoint (normal execution)

VM Mutex/Monitor currently owned by a thread: None

Heap address: 0x00000000c1e00000, size: 994 MB, Compressed Oops mode: 32-bit

CDS archive(s) mapped at: [0x0000000800000000-0x0000000800bd0000-0x0000000800bd0000), size 12386304, SharedBaseAddress: 0x0000000800000000, ArchiveRelocationMode: 0.
Compressed class space mapped at: 0x0000000800c00000-0x0000000840c00000, reserved size: 1073741824
Narrow klass base: 0x0000000800000000, Narrow klass shift: 0, Narrow klass range: 0x100000000

GC Precious Log:
 CPUs: 4 total, 4 available
 Memory: 3975M
 Large Page Support: Disabled
 NUMA Support: Disabled
 Compressed Oops: Enabled (32-bit)
 Heap Region Size: 1M
 Heap Min Capacity: 8M
 Heap Initial Capacity: 64M
 Heap Max Capacity: 994M
 Pre-touch: Disabled
 Parallel Workers: 4
 Concurrent Workers: 1
 Concurrent Refinement Workers: 4
 Periodic GC: Disabled

Heap:
 garbage-first heap   total 65536K, used 1024K [0x00000000c1e00000, 0x0000000100000000)
  region size 1024K, 2 young (2048K), 0 survivors (0K)
 Metaspace       used 365K, committed 512K, reserved 1056768K
  class space    used 27K, committed 128K, reserved 1048576K

Heap Regions: E=young(eden), S=young(survivor), O=old, HS=humongous(starts), HC=humongous(continues), CS=collection set, F=free, OA=open archive, CA=closed archive, TAMS=top-at-mark-start (previous, next)
|   0|0x00000000c1e00000, 0x00000000c1e00000, 0x00000000c1f00000|  0%| F|  |TAMS 0x00000000c1e00000, 0x00000000c1e00000| Untracked 
|   1|0x00000000c1f00000, 0x00000000c1f00000, 0x00000000c2000000|  0%| F|  |TAMS 0x00000000c1f00000, 0x00000000c1f00000| Untracked 
|   2|0x00000000c2000000, 0x00000000c2000000, 0x00000000c2100000|  0%| F|  |TAMS 0x00000000c2000000, 0x00000000c2000000| Untracked 
|   3|0x00000000c2100000, 0x00000000c2100000, 0x00000000c2200000|  0%| F|  |TAMS 0x00000000c2100000, 0x00000000c2100000| Untracked 
|   4|0x00000000c2200000, 0x00000000c2200000, 0x00000000c2300000|  0%| F|  |TAMS 0x00000000c2200000, 0x00000000c2200000| Untracked 
|   5|0x00000000c2300000, 0x00000000c2300000, 0x00000000c2400000|  0%| F|  |TAMS 0x00000000c2300000, 0x00000000c2300000| Untracked 
|   6|0x00000000c2400000, 0x00000000c2400000, 0x00000000c2500000|  0%| F|  |TAMS 0x00000000c2400000, 0x00000000c2400000| Untracked 
|   7|0x00000000c2500000, 0x00000000c2500000, 0x00000000c2600000|  0%| F|  |TAMS 0x00000000c2500000, 0x00000000c2500000| Untracked 
|   8|0x00000000c2600000, 0x00000000c2600000, 0x00000000c2700000|  0%| F|  |TAMS 0x00000000c2600000, 0x00000000c2600000| Untracked 
|   9|0x00000000c2700000, 0x00000000c2700000, 0x00000000c2800000|  0%| F|  |TAMS 0x00000000c2700000, 0x00000000c2700000| Untracked 
|  10|0x00000000c2800000, 0x00000000c2800000, 0x00000000c2900000|  0%| F|  |TAMS 0x00000000c2800000, 0x00000000c2800000| Untracked 
|  11|0x00000000c2900000, 0x00000000c2900000, 0x00000000c2a00000|  0%| F|  |TAMS 0x00000000c2900000, 0x00000000c2900000| Untracked 
|  12|0x00000000c2a00000, 0x00000000c2a00000, 0x00000000c2b00000|  0%| F|  |TAMS 0x00000000c2a00000, 0x00000000c2a00000| Untracked 
|  13|0x00000000c2b00000, 0x00000000c2b00000, 0x00000000c2c00000|  0%| F|  |TAMS 0x00000000c2b00000, 0x00000000c2b00000| Untracked 
|  14|0x00000000c2c00000, 0x00000000c2c00000, 0x00000000c2d00000|  0%| F|  |TAMS 0x00000000c2c00000, 0x00000000c2c00000| Untracked 
|  15|0x00000000c2d00000, 0x00000000c2d00000, 0x00000000c2e00000|  0%| F|  |TAMS 0x00000000c2d00000, 0x00000000c2d00000| Untracked 
|  16|0x00000000c2e00000, 0x00000000c2e00000, 0x00000000c2f00000|  0%| F|  |TAMS 0x00000000c2e00000, 0x00000000c2e00000| Untracked 
|  17|0x00000000c2f00000, 0x00000000c2f00000, 0x00000000c3000000|  0%| F|  |TAMS 0x00000000c2f00000, 0x00000000c2f00000| Untracked 
|  18|0x00000000c3000000, 0x00000000c3000000, 0x00000000c3100000|  0%| F|  |TAMS 0x00000000c3000000, 0x00000000c3000000| Untracked 
|  19|0x00000000c3100000, 0x00000000c3100000, 0x00000000c3200000|  0%| F|  |TAMS 0x00000000c3100000, 0x00000000c3100000| Untracked 
|  20|0x00000000c3200000, 0x00000000c3200000, 0x00000000c3300000|  0%| F|  |TAMS 0x00000000c3200000, 0x00000000c3200000| Untracked 
|  21|0x00000000c3300000, 0x00000000c3300000, 0x00000000c3400000|  0%| F|  |TAMS 0x00000000c3300000, 0x00000000c3300000| Untracked 
|  22|0x00000000c3400000, 0x00000000c3400000, 0x00000000c3500000|  0%| F|  |TAMS 0x00000000c3400000, 0x00000000c3400000| Untracked 
|  23|0x00000000c3500000, 0x00000000c3500000, 0x00000000c3600000|  0%| F|  |TAMS 0x00000000c3500000, 0x00000000c3500000| Untracked 
|  24|0x00000000c3600000, 0x00000000c3600000, 0x00000000c3700000|  0%| F|  |TAMS 0x00000000c3600000, 0x00000000c3600000| Untracked 
|  25|0x00000000c3700000, 0x00000000c3700000, 0x00000000c3800000|  0%| F|  |TAMS 0x00000000c3700000, 0x00000000c3700000| Untracked 
|  26|0x00000000c3800000, 0x00000000c3800000, 0x00000000c3900000|  0%| F|  |TAMS 0x00000000c3800000, 0x00000000c3800000| Untracked 
|  27|0x00000000c3900000, 0x00000000c3900000, 0x00000000c3a00000|  0%| F|  |TAMS 0x00000000c3900000, 0x00000000c3900000| Untracked 
|  28|0x00000000c3a00000, 0x00000000c3a00000, 0x00000000c3b00000|  0%| F|  |TAMS 0x00000000c3a00000, 0x00000000c3a00000| Untracked 
|  29|0x00000000c3b00000, 0x00000000c3b00000, 0x00000000c3c00000|  0%| F|  |TAMS 0x00000000c3b00000, 0x00000000c3b00000| Untracked 
|  30|0x00000000c3c00000, 0x00000000c3c00000, 0x00000000c3d00000|  0%| F|  |TAMS 0x00000000c3c00000, 0x00000000c3c00000| Untracked 
|  31|0x00000000c3d00000, 0x00000000c3d00000, 0x00000000c3e00000|  0%| F|  |TAMS 0x00000000c3d00000, 0x00000000c3d00000| Untracked 
|  32|0x00000000c3e00000, 0x00000000c3e00000, 0x00000000c3f00000|  0%| F|  |TAMS 0x00000000c3e00000, 0x00000000c3e00000| Untracked 
|  33|0x00000000c3f00000, 0x00000000c3f00000, 0x00000000c4000000|  0%| F|  |TAMS 0x00000000c3f00000, 0x00000000c3f00000| Untracked 
|  34|0x00000000c4000000, 0x00000000c4000000, 0x00000000c4100000|  0%| F|  |TAMS 0x00000000c4000000, 0x00000000c4000000| Untracked 
|  35|0x00000000c4100000, 0x00000000c4100000, 0x00000000c4200000|  0%| F|  |TAMS 0x00000000c4100000, 0x00000000c4100000| Untracked 
|  36|0x00000000c4200000, 0x00000000c4200000, 0x00000000c4300000|  0%| F|  |TAMS 0x00000000c4200000, 0x00000000c4200000| Untracked 
|  37|0x00000000c4300000, 0x00000000c4300000, 0x00000000c4400000|  0%| F|  |TAMS 0x00000000c4300000, 0x00000000c4300000| Untracked 
|  38|0x00000000c4400000, 0x00000000c4400000, 0x00000000c4500000|  0%| F|  |TAMS 0x00000000c4400000, 0x00000000c4400000| Untracked 
|  39|0x00000000c4500000, 0x00000000c4500000, 0x00000000c4600000|  0%| F|  |TAMS 0x00000000c4500000, 0x00000000c4500000| Untracked 
|  40|0x00000000c4600000, 0x00000000c4600000, 0x00000000c4700000|  0%| F|  |TAMS 0x00000000c4600000, 0x00000000c4600000| Untracked 
|  41|0x00000000c4700000, 0x00000000c4700000, 0x00000000c4800000|  0%| F|  |TAMS 0x00000000c4700000, 0x00000000c4700000| Untracked 
|  42|0x00000000c4800000, 0x00000000c4800000, 0x00000000c4900000|  0%| F|  |TAMS 0x00000000c4800000, 0x00000000c4800000| Untracked 
|  43|0x00000000c4900000, 0x00000000c4900000, 0x00000000c4a00000|  0%| F|  |TAMS 0x00000000c4900000, 0x00000000c4900000| Untracked 
|  44|0x00000000c4a00000, 0x00000000c4a00000, 0x00000000c4b00000|  0%| F|  |TAMS 0x00000000c4a00000, 0x00000000c4a00000| Untracked 
|  45|0x00000000c4b00000, 0x00000000c4b00000, 0x00000000c4c00000|  0%| F|  |TAMS 0x00000000c4b00000, 0x00000000c4b00000| Untracked 
|  46|0x00000000c4c00000, 0x00000000c4c00000, 0x00000000c4d00000|  0%| F|  |TAMS 0x00000000c4c00000, 0x00000000c4c00000| Untracked 
|  47|0x00000000c4d00000, 0x00000000c4d00000, 0x00000000c4e00000|  0%| F|  |TAMS 0x00000000c4d00000, 0x00000000c4d00000| Untracked 
|  48|0x00000000c4e00000, 0x00000000c4e00000, 0x00000000c4f00000|  0%| F|  |TAMS 0x00000000c4e00000, 0x00000000c4e00000| Untracked 
|  49|0x00000000c4f00000, 0x00000000c4f00000, 0x00000000c5000000|  0%| F|  |TAMS 0x00000000c4f00000, 0x00000000c4f00000| Untracked 
|  50|0x00000000c5000000, 0x00000000c5000000, 0x00000000c5100000|  0%| F|  |TAMS 0x00000000c5000000, 0x00000000c5000000| Untracked 
|  51|0x00000000c5100000, 0x00000000c5100000, 0x00000000c5200000|  0%| F|  |TAMS 0x00000000c5100000, 0x00000000c5100000| Untracked 
|  52|0x00000000c5200000, 0x00000000c5200000, 0x00000000c5300000|  0%| F|  |TAMS 0x00000000c5200000, 0x00000000c5200000| Untracked 
|  53|0x00000000c5300000, 0x00000000c5300000, 0x00000000c5400000|  0%| F|  |TAMS 0x00000000c5300000, 0x00000000c5300000| Untracked 
|  54|0x00000000c5400000, 0x00000000c5400000, 0x00000000c5500000|  0%| F|  |TAMS 0x00000000c5400000, 0x00000000c5400000| Untracked 
|  55|0x00000000c5500000, 0x00000000c5500000, 0x00000000c5600000|  0%| F|  |TAMS 0x00000000c5500000, 0x00000000c5500000| Untracked 
|  56|0x00000000c5600000, 0x00000000c5600000, 0x00000000c5700000|  0%| F|  |TAMS 0x00000000c5600000, 0x00000000c5600000| Untracked 
|  57|0x00000000c5700000, 0x00000000c5700000, 0x00000000c5800000|  0%| F|  |TAMS 0x00000000c5700000, 0x00000000c5700000| Untracked 
|  58|0x00000000c5800000, 0x00000000c5800000, 0x00000000c5900000|  0%| F|  |TAMS 0x00000000c5800000, 0x00000000c5800000| Untracked 
|  59|0x00000000c5900000, 0x00000000c5900000, 0x00000000c5a00000|  0%| F|  |TAMS 0x00000000c5900000, 0x00000000c5900000| Untracked 
|  60|0x00000000c5a00000, 0x00000000c5a00000, 0x00000000c5b00000|  0%| F|  |TAMS 0x00000000c5a00000, 0x00000000c5a00000| Untracked 
|  61|0x00000000c5b00000, 0x00000000c5b00000, 0x00000000c5c00000|  0%| F|  |TAMS 0x00000000c5b00000, 0x00000000c5b00000| Untracked 
|  62|0x00000000c5c00000, 0x00000000c5cdb710, 0x00000000c5d00000| 85%| E|  |TAMS 0x00000000c5c00000, 0x00000000c5c00000| Complete 
|  63|0x00000000c5d00000, 0x00000000c5e00000, 0x00000000c5e00000|100%| E|CS|TAMS 0x00000000c5d00000, 0x00000000c5d00000| Complete 

Card table byte_map: [0x000001f52c350000,0x000001f52c550000] _byte_map_base: 0x000001f52bd41000

Marking Bits (Prev, Next): (CMBitMap*) 0x000001f515955540, (CMBitMap*) 0x000001f515955580
 Prev Bits: [0x000001f52c750000, 0x000001f52d6d8000)
 Next Bits: [0x000001f52d6e0000, 0x000001f52e668000)

Polling page: 0x000001f513810000

Metaspace:

Usage:
  Non-class:    341.77 KB used.
      Class:     27.55 KB used.
       Both:    369.33 KB used.

Virtual space:
  Non-class space:        8.00 MB reserved,     384.00 KB (  5%) committed,  1 nodes.
      Class space:        1.00 GB reserved,     128.00 KB ( <1%) committed,  1 nodes.
             Both:        1.01 GB reserved,     512.00 KB ( <1%) committed. 

Chunk freelists:
   Non-Class:  3.94 MB
       Class:  3.73 MB
        Both:  7.67 MB

MaxMetaspaceSize: unlimited
CompressedClassSpaceSize: 1.00 GB
Initial GC threshold: 21.00 MB
Current GC threshold: 21.00 MB
CDS: on
MetaspaceReclaimPolicy: balanced
 - commit_granule_bytes: 65536.
 - commit_granule_words: 8192.
 - virtual_space_node_default_size: 1048576.
 - enlarge_chunks_in_place: 1.
 - new_chunks_are_fully_committed: 0.
 - uncommit_free_chunks: 1.
 - use_allocation_guard: 0.
 - handle_deallocations: 1.


Internal statistics:

num_allocs_failed_limit: 0.
num_arena_births: 4.
num_arena_deaths: 0.
num_vsnodes_births: 2.
num_vsnodes_deaths: 0.
num_space_committed: 8.
num_space_uncommitted: 0.
num_chunks_returned_to_freelist: 0.
num_chunks_taken_from_freelist: 11.
num_chunk_merges: 0.
num_chunk_splits: 5.
num_chunks_enlarged: 6.
num_purges: 0.
num_inconsistent_stats: 0.

CodeHeap 'non-profiled nmethods': size=120000Kb used=20Kb max_used=20Kb free=119980Kb
 bounds [0x000001f524c20000, 0x000001f524e90000, 0x000001f52c150000]
CodeHeap 'profiled nmethods': size=120000Kb used=210Kb max_used=210Kb free=119789Kb
 bounds [0x000001f51d150000, 0x000001f51d3c0000, 0x000001f524680000]
CodeHeap 'non-nmethods': size=5760Kb used=1060Kb max_used=1074Kb free=4699Kb
 bounds [0x000001f524680000, 0x000001f5248f0000, 0x000001f524c20000]
 total_blobs=464 nmethods=142 adapters=235
 compilation: enabled
              stopped_count=0, restarted_count=0
 full_count=0

Compilation events (20 events):
Event: 0.056 Thread 0x000001f530b18e20   15       3       java.lang.module.ModuleDescriptor$Exports::hashCode (38 bytes)
Event: 0.056 Thread 0x000001f530b18e20 nmethod 15 0x000001f51d154d90 code [0x000001f51d154f60, 0x000001f51d155268]
Event: 0.056 Thread 0x000001f530b18e20   17       3       java.util.Objects::requireNonNull (14 bytes)
Event: 0.056 Thread 0x000001f530b18e20 nmethod 17 0x000001f51d155390 code [0x000001f51d155540, 0x000001f51d155728]
Event: 0.056 Thread 0x000001f530b18e20   18       3       java.util.AbstractCollection::<init> (5 bytes)
Event: 0.057 Thread 0x000001f530b18e20 nmethod 18 0x000001f51d155810 code [0x000001f51d1559a0, 0x000001f51d155af8]
Event: 0.057 Thread 0x000001f530b18e20   19       3       java.util.ImmutableCollections$AbstractImmutableCollection::<init> (5 bytes)
Event: 0.057 Thread 0x000001f530b18e20 nmethod 19 0x000001f51d155b90 code [0x000001f51d155d40, 0x000001f51d155ef8]
Event: 0.057 Thread 0x000001f530b18e20   20       3       java.util.ImmutableCollections$AbstractImmutableSet::<init> (5 bytes)
Event: 0.057 Thread 0x000001f530b18e20 nmethod 20 0x000001f51d156010 code [0x000001f51d1561c0, 0x000001f51d1563f8]
Event: 0.057 Thread 0x000001f530b18e20   22       3       java.util.Set::of (68 bytes)
Event: 0.058 Thread 0x000001f530b18e20 nmethod 22 0x000001f51d156510 code [0x000001f51d156740, 0x000001f51d156f68]
Event: 0.059 Thread 0x000001f530b18e20   23       3       java.lang.String::coder (15 bytes)
Event: 0.059 Thread 0x000001f530b18e20 nmethod 23 0x000001f51d157210 code [0x000001f51d1573a0, 0x000001f51d1574d8]
Event: 0.059 Thread 0x000001f530b18e20   24       3       java.lang.String::length (11 bytes)
Event: 0.060 Thread 0x000001f530b18e20 nmethod 24 0x000001f51d157590 code [0x000001f51d157720, 0x000001f51d1578b8]
Event: 0.060 Thread 0x000001f530b18e20   25       1       java.lang.module.ModuleDescriptor::name (5 bytes)
Event: 0.060 Thread 0x000001f530b18e20 nmethod 25 0x000001f524c20010 code [0x000001f524c201a0, 0x000001f524c20278]
Event: 0.060 Thread 0x000001f530b18e20   26       1       java.lang.module.ModuleReference::descriptor (5 bytes)
Event: 0.060 Thread 0x000001f530b18e20 nmethod 26 0x000001f524c20310 code [0x000001f524c204a0, 0x000001f524c20578]

GC Heap History (0 events):
No events

Deoptimization events (0 events):
No events

Classes unloaded (0 events):
No events

Classes redefined (0 events):
No events

Internal exceptions (0 events):
No events

VM Operations (0 events):
No events

Events (16 events):
Event: 0.019 Loaded shared library C:\Program Files\Java\jdk-17\bin\java.dll
Event: 0.033 Loaded shared library C:\Program Files\Java\jdk-17\bin\jsvml.dll
Event: 0.033 Thread 0x000001f515905f90 Thread added: 0x000001f515905f90
Event: 0.037 Thread 0x000001f530af75d0 Thread added: 0x000001f530af75d0
Event: 0.037 Thread 0x000001f530af8bc0 Thread added: 0x000001f530af8bc0
Event: 0.043 loading class sun/nio/cs/IBM437
Event: 0.043 loading class sun/nio/cs/IBM437 done
Event: 0.043 loading class sun/nio/cs/IBM437$Holder
Event: 0.043 loading class sun/nio/cs/IBM437$Holder done
Event: 0.045 Thread 0x000001f530afc910 Thread added: 0x000001f530afc910
Event: 0.045 Thread 0x000001f530b0ba10 Thread added: 0x000001f530b0ba10
Event: 0.046 Thread 0x000001f530b10aa0 Thread added: 0x000001f530b10aa0
Event: 0.046 Thread 0x000001f530b13720 Thread added: 0x000001f530b13720
Event: 0.046 Thread 0x000001f530b17fd0 Thread added: 0x000001f530b17fd0
Event: 0.046 Thread 0x000001f530b18e20 Thread added: 0x000001f530b18e20
Event: 0.046 Thread 0x000001f530b2af00 Thread added: 0x000001f530b2af00


Dynamic libraries:
0x00007ff6bf340000 - 0x00007ff6bf350000 	C:\Program Files\Java\jdk-17\bin\java.exe
0x00007ffeef680000 - 0x00007ffeef870000 	C:\Windows\SYSTEM32\ntdll.dll
0x00007ffeeec00000 - 0x00007ffeeecb2000 	C:\Windows\System32\KERNEL32.DLL
0x00007ffeed320000 - 0x00007ffeed5c3000 	C:\Windows\System32\KERNELBASE.dll
0x00007ffeec7c0000 - 0x00007ffeec8ba000 	C:\Windows\System32\ucrtbase.dll
0x00007ffee65c0000 - 0x00007ffee65d8000 	C:\Program Files\Java\jdk-17\bin\jli.dll
0x00007ffee65e0000 - 0x00007ffee65fb000 	C:\Program Files\Java\jdk-17\bin\VCRUNTIME140.dll
0x00007ffeef590000 - 0x00007ffeef633000 	C:\Windows\System32\ADVAPI32.dll
0x00007ffeef2e0000 - 0x00007ffeef37e000 	C:\Windows\System32\msvcrt.dll
0x00007ffeeeb60000 - 0x00007ffeeebf7000 	C:\Windows\System32\sechost.dll
0x00007ffeede80000 - 0x00007ffeedfa0000 	C:\Windows\System32\RPCRT4.dll
0x00007ffeee9c0000 - 0x00007ffeeeb53000 	C:\Windows\System32\USER32.dll
0x00007ffeed5d0000 - 0x00007ffeed5f1000 	C:\Windows\System32\win32u.dll
0x00007ffeee900000 - 0x00007ffeee926000 	C:\Windows\System32\GDI32.dll
0x00007ffee3340000 - 0x00007ffee35c5000 	C:\Windows\WinSxS\amd64_microsoft.windows.common-controls_6595b64144ccf1df_6.0.18362.239_none_e6c7aebd130c7608\COMCTL32.dll
0x00007ffeec620000 - 0x00007ffeec7b4000 	C:\Windows\System32\gdi32full.dll
0x00007ffeecb00000 - 0x00007ffeecb9e000 	C:\Windows\System32\msvcp_win.dll
0x00007ffeeed50000 - 0x00007ffeef086000 	C:\Windows\System32\combase.dll
0x00007ffeeca80000 - 0x00007ffeecb00000 	C:\Windows\System32\bcryptPrimitives.dll
0x00007ffeec160000 - 0x00007ffeec16a000 	C:\Windows\SYSTEM32\VERSION.dll
0x00007ffeef140000 - 0x00007ffeef16e000 	C:\Windows\System32\IMM32.DLL
0x000000005a0a0000 - 0x000000005a0ac000 	C:\Program Files (x86)\360\Total Security\safemon\SafeWrapper.dll
0x00007ffecbaa0000 - 0x00007ffecbb32000 	C:\Program Files (x86)\360\Total Security\safemon\libzdtp64.dll
0x00007ffeed740000 - 0x00007ffeede20000 	C:\Windows\System32\SHELL32.dll
0x00007ffeec8c0000 - 0x00007ffeec90a000 	C:\Windows\System32\cfgmgr32.dll
0x00007ffeef090000 - 0x00007ffeef139000 	C:\Windows\System32\shcore.dll
0x00007ffeecba0000 - 0x00007ffeed31b000 	C:\Windows\System32\windows.storage.dll
0x00007ffeec570000 - 0x00007ffeec58f000 	C:\Windows\System32\profapi.dll
0x00007ffeec5b0000 - 0x00007ffeec5fa000 	C:\Windows\System32\powrprof.dll
0x00007ffeec560000 - 0x00007ffeec570000 	C:\Windows\System32\UMPDC.dll
0x00007ffeee960000 - 0x00007ffeee9b2000 	C:\Windows\System32\shlwapi.dll
0x00007ffeec590000 - 0x00007ffeec5a1000 	C:\Windows\System32\kernel.appcore.dll
0x00007ffeeca60000 - 0x00007ffeeca77000 	C:\Windows\System32\cryptsp.dll
0x00007ffee65b0000 - 0x00007ffee65bc000 	C:\Program Files\Java\jdk-17\bin\vcruntime140_1.dll
0x00007ffebd010000 - 0x00007ffebd09e000 	C:\Program Files\Java\jdk-17\bin\msvcp140.dll
0x00007ffea30c0000 - 0x00007ffea3c97000 	C:\Program Files\Java\jdk-17\bin\server\jvm.dll
0x00007ffeef2d0000 - 0x00007ffeef2d8000 	C:\Windows\System32\PSAPI.DLL
0x00007ffeea5e0000 - 0x00007ffeea604000 	C:\Windows\SYSTEM32\WINMM.dll
0x00007ffeda340000 - 0x00007ffeda349000 	C:\Windows\SYSTEM32\WSOCK32.dll
0x00007ffeee890000 - 0x00007ffeee8ff000 	C:\Windows\System32\WS2_32.dll
0x00007ffeea5b0000 - 0x00007ffeea5dd000 	C:\Windows\SYSTEM32\WINMMBASE.dll
0x00007ffee65a0000 - 0x00007ffee65aa000 	C:\Program Files\Java\jdk-17\bin\jimage.dll
0x00007ffee3ec0000 - 0x00007ffee40b4000 	C:\Windows\SYSTEM32\DBGHELP.DLL
0x00007ffee3d60000 - 0x00007ffee3d8a000 	C:\Windows\SYSTEM32\dbgcore.DLL
0x00007ffee64d0000 - 0x00007ffee64f5000 	C:\Program Files\Java\jdk-17\bin\java.dll
0x00007ffeab7d0000 - 0x00007ffeab8a7000 	C:\Program Files\Java\jdk-17\bin\jsvml.dll
0x00007ffee6580000 - 0x00007ffee6599000 	C:\Program Files\Java\jdk-17\bin\net.dll
0x00007ffee3c00000 - 0x00007ffee3cf0000 	C:\Windows\SYSTEM32\WINHTTP.dll
0x00007ffeebd60000 - 0x00007ffeebdc7000 	C:\Windows\system32\mswsock.dll
0x00007ffee43d0000 - 0x00007ffee43e6000 	C:\Program Files\Java\jdk-17\bin\nio.dll
0x00007ffee2210000 - 0x00007ffee2228000 	C:\Program Files\Java\jdk-17\bin\zip.dll

dbghelp: loaded successfully - version: 4.0.5 - missing functions: none
symbol engine: initialized successfully - sym options: 0x614 - pdb path: .;C:\Program Files\Java\jdk-17\bin;C:\Windows\SYSTEM32;C:\Windows\WinSxS\amd64_microsoft.windows.common-controls_6595b64144ccf1df_6.0.18362.239_none_e6c7aebd130c7608;C:\Program Files (x86)\360\Total Security\safemon;C:\Program Files\Java\jdk-17\bin\server

VM Arguments:
jvm_args: -Dclassworlds.conf=C:\Program Files\apache-maven-3.9.0\bin\m2.conf -Dmaven.home=C:\Program Files\apache-maven-3.9.0 -Dlibrary.jansi.path=C:\Program Files\apache-maven-3.9.0\lib\jansi-native -Dmaven.multiModuleProjectDirectory=C:\Users\USER\Desktop\New folder\ZFP_Back\ZFP_Back 
java_command: org.codehaus.plexus.classworlds.launcher.Launcher spring-boot:run
java_class_path (initial): C:\Program Files\apache-maven-3.9.0\boot\plexus-classworlds-2.6.0.jar
Launcher Type: SUN_STANDARD

[Global flags]
     intx CICompilerCount                          = 3                                         {product} {ergonomic}
     uint ConcGCThreads                            = 1                                         {product} {ergonomic}
     uint G1ConcRefinementThreads                  = 4                                         {product} {ergonomic}
   size_t G1HeapRegionSize                         = 1048576                                   {product} {ergonomic}
    uintx GCDrainStackTargetSize                   = 64                                        {product} {ergonomic}
   size_t InitialHeapSize                          = 67108864                                  {product} {ergonomic}
   size_t MarkStackSize                            = 4194304                                   {product} {ergonomic}
   size_t MaxHeapSize                              = 1042284544                                {product} {ergonomic}
   size_t MaxNewSize                               = 624951296                                 {product} {ergonomic}
   size_t MinHeapDeltaBytes                        = 1048576                                   {product} {ergonomic}
   size_t MinHeapSize                              = 8388608                                   {product} {ergonomic}
    uintx NonNMethodCodeHeapSize                   = 5832780                                {pd product} {ergonomic}
    uintx NonProfiledCodeHeapSize                  = 122912730                              {pd product} {ergonomic}
    uintx ProfiledCodeHeapSize                     = 122912730                              {pd product} {ergonomic}
    uintx ReservedCodeCacheSize                    = 251658240                              {pd product} {ergonomic}
     bool SegmentedCodeCache                       = true                                      {product} {ergonomic}
   size_t SoftMaxHeapSize                          = 1042284544                             {manageable} {ergonomic}
     bool UseCompressedClassPointers               = true                           {product lp64_product} {ergonomic}
     bool UseCompressedOops                        = true                           {product lp64_product} {ergonomic}
     bool UseG1GC                                  = true                                      {product} {ergonomic}
     bool UseLargePagesIndividualAllocation        = false                                  {pd product} {ergonomic}

Logging:
Log output configuration:
 #0: stdout all=warning uptime,level,tags
 #1: stderr all=off uptime,level,tags

Environment Variables:
JAVA_HOME=C:\Program Files\Java\jdk-17
PATH=C:\Program Files\Common Files\Oracle\Java\javapath;C:\Windows\system32;C:\Windows;C:\Windows\System32\Wbem;C:\Windows\System32\WindowsPowerShell\v1.0\;C:\Windows\System32\OpenSSH\;C:\Program Files\nodejs\;C:\Program Files\Git\cmd;C:\Program Files\apache-maven-3.9.0\bin;C:\Program Files\Java\jdk-17\bin;C:\Users\USER\AppData\Local\Microsoft\WindowsApps;C:\Users\USER\AppData\Roaming\npm;C:\Program Files\apache-maven-3.9.0\bin;C:\Program Files\Java\jdk-17\bin;C:\Users\USER\AppData\Local\Programs\Microsoft VS Code\bin
USERNAME=USER
LANG=en_US.UTF-8
OS=Windows_NT
PROCESSOR_IDENTIFIER=Intel64 Family 6 Model 61 Stepping 4, GenuineIntel



---------------  S Y S T E M  ---------------

OS:
 Windows 10 , 64 bit Build 18362 (10.0.18362.86)
OS uptime: 0 days 6:03 hours

CPU: total 4 (initial active 4) (2 cores per cpu, 2 threads per core) family 6 model 61 stepping 4 microcode 0x2b, cx8, cmov, fxsr, ht, mmx, 3dnowpref, sse, sse2, sse3, ssse3, sse4.1, sse4.2, popcnt, lzcnt, tsc, tscinvbit, avx, avx2, aes, erms, clmul, bmi1, bmi2, rtm, adx, fma, vzeroupper, clflush

Memory: 4k page, system-wide physical 3975M (446M free)
TotalPageFile size 7711M (AvailPageFile size 6M)
current process WorkingSet (physical memory assigned to process): 30M, peak: 30M
current process commit charge ("private bytes"): 135M, peak: 135M

vm_info: Java HotSpot(TM) 64-Bit Server VM (17.0.6+9-LTS-190) for windows-amd64 JRE (17.0.6+9-LTS-190), built on Dec  6 2022 15:53:54 by "mach5one" with MS VC++ 17.1 (VS2022)

END.
