#
# There is insufficient memory for the Java Runtime Environment to continue.
# Native memory allocation (mmap) failed to map 65536 bytes for Failed to commit metaspace.
# Possible reasons:
#   The system is out of physical RAM or swap space
#   The process is running with CompressedOops enabled, and the Java Heap may be blocking the growth of the native heap
# Possible solutions:
#   Reduce memory load on the system
#   Increase physical memory or swap space
#   Check if swap backing store is full
#   Decrease Java heap size (-Xmx/-Xms)
#   Decrease number of Java threads
#   Decrease Java thread stack sizes (-Xss)
#   Set larger code cache with -XX:ReservedCodeCacheSize=
#   JVM is running with Unscaled Compressed Oops mode in which the Java heap is
#     placed in the first 4GB address space. The Java Heap base address is the
#     maximum limit for the native heap growth. Please use -XX:HeapBaseMinAddress
#     to set the Java Heap base and to place the Java Heap above 4GB virtual address.
# This output file may be truncated or incomplete.
#
#  Out of Memory Error (virtualSpaceNode.cpp:110), pid=13268, tid=9060
#
# JRE version: OpenJDK Runtime Environment Temurin-17.0.7+7 (17.0.7+7) (build 17.0.7+7)
# Java VM: OpenJDK 64-Bit Server VM Temurin-17.0.7+7 (17.0.7+7, mixed mode, tiered, compressed oops, compressed class ptrs, parallel gc, windows-amd64)
# No core dump will be written. Minidumps are not enabled by default on client versions of Windows
#

---------------  S U M M A R Y ------------

Command Line: --add-modules=ALL-SYSTEM --add-opens=java.base/java.util=ALL-UNNAMED --add-opens=java.base/java.lang=ALL-UNNAMED --add-opens=java.base/sun.nio.fs=ALL-UNNAMED -Declipse.application=org.eclipse.jdt.ls.core.id1 -Dosgi.bundles.defaultStartLevel=4 -Declipse.product=org.eclipse.jdt.ls.core.product -Djava.import.generatesMetadataFilesAtProjectRoot=false -Dfile.encoding=utf8 -XX:+UseParallelGC -XX:GCTimeRatio=4 -XX:AdaptiveSizePolicyWeight=90 -Dsun.zip.disableMemoryMapping=true -Xmx1G -Xms100m -Xlog:disable -javaagent:c:\Users\USER\.vscode\extensions\redhat.java-1.19.0-win32-x64\lombok\lombok-1.18.28.jar -XX:+HeapDumpOnOutOfMemoryError -XX:HeapDumpPath=c:\Users\USER\AppData\Roaming\Code\User\workspaceStorage\1702ad736f4aa6bf5abd61ef8a644695\redhat.java -Daether.dependencyCollector.impl=bf c:\Users\USER\.vscode\extensions\redhat.java-1.19.0-win32-x64\server\plugins\org.eclipse.equinox.launcher_1.6.400.v20210924-0641.jar -configuration c:\Users\USER\AppData\Roaming\Code\User\globalStorage\redhat.java\1.19.0\config_win -data c:\Users\USER\AppData\Roaming\Code\User\workspaceStorage\1702ad736f4aa6bf5abd61ef8a644695\redhat.java\jdt_ws

Host: Intel(R) Core(TM) i5-5300U CPU @ 2.30GHz, 4 cores, 3G,  Windows 10 , 64 bit Build 18362 (10.0.18362.86)
Time: Mon Jun 12 20:50:53 2023 E. Africa Standard Time elapsed time: 5.441561 seconds (0d 0h 0m 5s)

---------------  T H R E A D  ---------------

Current thread (0x00000279e3e24d90):  JavaThread "Start Level: Equinox Container: 0b979931-a2ce-45c0-892c-6095b4a37fb7" daemon [_thread_in_vm, id=9060, stack(0x000000b977600000,0x000000b977700000)]

Stack: [0x000000b977600000,0x000000b977700000]
Native frames: (J=compiled Java code, j=interpreted, Vv=VM code, C=native code)
V  [jvm.dll+0x67754a]
V  [jvm.dll+0x834304]
V  [jvm.dll+0x835aae]
V  [jvm.dll+0x836113]
V  [jvm.dll+0x24696f]
V  [jvm.dll+0x83039b]
V  [jvm.dll+0x61c006]
V  [jvm.dll+0x1c169e]
V  [jvm.dll+0x61e961]
V  [jvm.dll+0x61c9a6]
V  [jvm.dll+0x1eb92e]
V  [jvm.dll+0x1ec3ef]
V  [jvm.dll+0x1e1891]
V  [jvm.dll+0x53ea50]
V  [jvm.dll+0x1f2067]
V  [jvm.dll+0x7af05b]
V  [jvm.dll+0x7b0402]
V  [jvm.dll+0x7b0b99]
V  [jvm.dll+0x1e9c26]
V  [jvm.dll+0x1ec32b]
V  [jvm.dll+0x1e1891]
V  [jvm.dll+0x53ea50]
V  [jvm.dll+0x1f2067]
V  [jvm.dll+0x7af05b]
V  [jvm.dll+0x7b0402]
V  [jvm.dll+0x7b0738]
V  [jvm.dll+0x23ec6e]
V  [jvm.dll+0x23eebf]
V  [jvm.dll+0x55bfe3]
V  [jvm.dll+0x55e464]
V  [jvm.dll+0x38460b]
V  [jvm.dll+0x3840c2]
C  0x00000279d38e867f

Java frames: (J=compiled Java code, j=interpreted, Vv=VM code)
j  sun.util.resources.LocaleData$1.run()Ljava/util/ResourceBundle;+8 java.base@17.0.7
j  sun.util.resources.LocaleData$1.run()Ljava/lang/Object;+1 java.base@17.0.7
J 1790 c1 java.security.AccessController.doPrivileged(Ljava/security/PrivilegedAction;)Ljava/lang/Object; java.base@17.0.7 (9 bytes) @ 0x00000279cc6fb03c [0x00000279cc6faee0+0x000000000000015c]
j  sun.util.resources.LocaleData.getBundle(Ljava/lang/String;Ljava/util/Locale;)Ljava/util/ResourceBundle;+9 java.base@17.0.7
j  sun.util.resources.LocaleData.getCalendarData(Ljava/util/Locale;)Ljava/util/ResourceBundle;+26 java.base@17.0.7
j  sun.util.locale.provider.LocaleResources.getCalendarData(Ljava/lang/String;)Ljava/lang/String;+68 java.base@17.0.7
j  sun.util.cldr.CLDRCalendarDataProviderImpl.findValue(Ljava/lang/String;Ljava/util/Locale;)I+64 java.base@17.0.7
j  sun.util.cldr.CLDRCalendarDataProviderImpl.getFirstDayOfWeek(Ljava/util/Locale;)I+3 java.base@17.0.7
j  sun.util.locale.provider.CalendarDataUtility$CalendarWeekParameterGetter.getObject(Ljava/util/spi/CalendarDataProvider;Ljava/util/Locale;Ljava/lang/String;[Ljava/lang/Object;)Ljava/lang/Integer;+114 java.base@17.0.7
j  sun.util.locale.provider.CalendarDataUtility$CalendarWeekParameterGetter.getObject(Ljava/util/spi/LocaleServiceProvider;Ljava/util/Locale;Ljava/lang/String;[Ljava/lang/Object;)Ljava/lang/Object;+9 java.base@17.0.7
j  sun.util.locale.provider.LocaleServiceProviderPool.getLocalizedObjectImpl(Lsun/util/locale/provider/LocaleServiceProviderPool$LocalizedObjectGetter;Ljava/util/Locale;ZLjava/lang/String;[Ljava/lang/Object;)Ljava/lang/Object;+93 java.base@17.0.7
j  sun.util.locale.provider.LocaleServiceProviderPool.getLocalizedObject(Lsun/util/locale/provider/LocaleServiceProviderPool$LocalizedObjectGetter;Ljava/util/Locale;Ljava/lang/Boolean;Ljava/lang/String;[Ljava/lang/Object;)Ljava/lang/Object;+11 java.base@17.0.7
j  sun.util.locale.provider.CalendarDataUtility.retrieveFirstDayOfWeek(Ljava/util/Locale;)I+280 java.base@17.0.7
j  java.util.Calendar.setWeekCountData(Ljava/util/Locale;)V+24 java.base@17.0.7
j  java.util.Calendar.<init>(Ljava/util/TimeZone;Ljava/util/Locale;)V+55 java.base@17.0.7
j  java.util.GregorianCalendar.<init>(Ljava/util/TimeZone;Ljava/util/Locale;Z)V+3 java.base@17.0.7
j  java.util.Calendar$Builder.build()Ljava/util/Calendar;+249 java.base@17.0.7
j  sun.util.locale.provider.CalendarProviderImpl.getInstance(Ljava/util/TimeZone;Ljava/util/Locale;)Ljava/util/Calendar;+21 java.base@17.0.7
j  java.util.Calendar.createCalendar(Ljava/util/TimeZone;Ljava/util/Locale;)Ljava/util/Calendar;+18 java.base@17.0.7
j  java.util.Calendar.getInstance(Ljava/util/Locale;)Ljava/util/Calendar;+5 java.base@17.0.7
j  java.text.SimpleDateFormat.initializeCalendar(Ljava/util/Locale;)V+27 java.base@17.0.7
j  java.text.SimpleDateFormat.<init>(Ljava/lang/String;Ljava/util/Locale;)V+43 java.base@17.0.7
j  java.text.SimpleDateFormat.<init>(Ljava/lang/String;)V+8 java.base@17.0.7
j  org.eclipse.osgi.internal.debug.EclipseDebugTrace.<clinit>()V+6
v  ~StubRoutines::call_stub
j  org.eclipse.osgi.internal.debug.FrameworkDebugOptions.newDebugTrace(Ljava/lang/String;Ljava/lang/Class;)Lorg/eclipse/osgi/service/debug/DebugTrace;+28
j  org.eclipse.osgi.internal.debug.FrameworkDebugOptions.newDebugTrace(Ljava/lang/String;)Lorg/eclipse/osgi/service/debug/DebugTrace;+3
j  org.eclipse.core.internal.utils.Policy$1.optionsChanged(Lorg/eclipse/osgi/service/debug/DebugOptions;)V+3
j  org.eclipse.osgi.internal.debug.FrameworkDebugOptions.addingService(Lorg/osgi/framework/ServiceReference;)Lorg/eclipse/osgi/service/debug/DebugOptionsListener;+16
j  org.eclipse.osgi.internal.debug.FrameworkDebugOptions.addingService(Lorg/osgi/framework/ServiceReference;)Ljava/lang/Object;+5
j  org.osgi.util.tracker.ServiceTracker$Tracked.customizerAdding(Lorg/osgi/framework/ServiceReference;Lorg/osgi/framework/ServiceEvent;)Ljava/lang/Object;+8
j  org.osgi.util.tracker.ServiceTracker$Tracked.customizerAdding(Ljava/lang/Object;Ljava/lang/Object;)Ljava/lang/Object;+9
j  org.osgi.util.tracker.AbstractTracked.trackAdding(Ljava/lang/Object;Ljava/lang/Object;)V+8
j  org.osgi.util.tracker.AbstractTracked.track(Ljava/lang/Object;Ljava/lang/Object;)V+83
j  org.osgi.util.tracker.ServiceTracker$Tracked.serviceChanged(Lorg/osgi/framework/ServiceEvent;)V+67
J 1532 c1 org.eclipse.osgi.internal.serviceregistry.FilteredServiceListener.serviceChanged(Lorg/osgi/framework/ServiceEvent;)V (284 bytes) @ 0x00000279cc676634 [0x00000279cc674360+0x00000000000022d4]
J 1683 c1 org.eclipse.osgi.internal.framework.BundleContextImpl.dispatchEvent(Ljava/lang/Object;Ljava/lang/Object;ILjava/lang/Object;)V (558 bytes) @ 0x00000279cc6b3fec [0x00000279cc6b0f20+0x00000000000030cc]
J 1826 c1 org.eclipse.osgi.framework.eventmgr.EventManager.dispatchEvent(Ljava/util/Set;Lorg/eclipse/osgi/framework/eventmgr/EventDispatcher;ILjava/lang/Object;)V (69 bytes) @ 0x00000279cc710474 [0x00000279cc70ffa0+0x00000000000004d4]
j  org.eclipse.osgi.framework.eventmgr.ListenerQueue.dispatchEventSynchronous(ILjava/lang/Object;)V+67
j  org.eclipse.osgi.internal.serviceregistry.ServiceRegistry.publishServiceEventPrivileged(Lorg/osgi/framework/ServiceEvent;)V+320
j  org.eclipse.osgi.internal.serviceregistry.ServiceRegistry.publishServiceEvent(Lorg/osgi/framework/ServiceEvent;)V+8
j  org.eclipse.osgi.internal.serviceregistry.ServiceRegistrationImpl.register(Ljava/util/Dictionary;)V+128
j  org.eclipse.osgi.internal.serviceregistry.ServiceRegistry.registerService(Lorg/eclipse/osgi/internal/framework/BundleContextImpl;[Ljava/lang/String;Ljava/lang/Object;Ljava/util/Dictionary;)Lorg/eclipse/osgi/internal/serviceregistry/ServiceRegistrationImpl;+298
j  org.eclipse.osgi.internal.framework.BundleContextImpl.registerService([Ljava/lang/String;Ljava/lang/Object;Ljava/util/Dictionary;)Lorg/osgi/framework/ServiceRegistration;+15
j  org.eclipse.osgi.internal.framework.BundleContextImpl.registerService(Ljava/lang/String;Ljava/lang/Object;Ljava/util/Dictionary;)Lorg/osgi/framework/ServiceRegistration;+15
j  org.eclipse.osgi.internal.framework.BundleContextImpl.registerService(Ljava/lang/Class;Ljava/lang/Object;Ljava/util/Dictionary;)Lorg/osgi/framework/ServiceRegistration;+7
j  org.eclipse.core.resources.ResourcesPlugin.start(Lorg/osgi/framework/BundleContext;)V+46
j  org.eclipse.osgi.internal.framework.BundleContextImpl$2.run()Ljava/lang/Void;+23
j  org.eclipse.osgi.internal.framework.BundleContextImpl$2.run()Ljava/lang/Object;+1
J 1175 c1 java.security.AccessController.executePrivileged(Ljava/security/PrivilegedExceptionAction;Ljava/security/AccessControlContext;Ljava/lang/Class;)Ljava/lang/Object; java.base@17.0.7 (65 bytes) @ 0x00000279cc5afd34 [0x00000279cc5afbe0+0x0000000000000154]
j  java.security.AccessController.doPrivileged(Ljava/security/PrivilegedExceptionAction;)Ljava/lang/Object;+9 java.base@17.0.7
j  org.eclipse.osgi.internal.framework.BundleContextImpl.startActivator(Lorg/osgi/framework/BundleActivator;)V+9
j  org.eclipse.osgi.internal.framework.BundleContextImpl.start()V+134
j  org.eclipse.osgi.internal.framework.EquinoxBundle.startWorker0()V+35
j  org.eclipse.osgi.internal.framework.EquinoxBundle$EquinoxModule.startWorker()V+4
j  org.eclipse.osgi.container.Module.doStart([Lorg/eclipse/osgi/container/Module$StartOptions;)Lorg/eclipse/osgi/container/ModuleContainerAdaptor$ModuleEvent;+190
j  org.eclipse.osgi.container.Module.start([Lorg/eclipse/osgi/container/Module$StartOptions;)V+460
j  org.eclipse.osgi.framework.util.SecureAction.start(Lorg/eclipse/osgi/container/Module;[Lorg/eclipse/osgi/container/Module$StartOptions;)V+8
J 1721 c1 org.eclipse.osgi.internal.hooks.EclipseLazyStarter.postFindLocalClass(Ljava/lang/String;Ljava/lang/Class;Lorg/eclipse/osgi/internal/loader/classpath/ClasspathManager;)V (394 bytes) @ 0x00000279cc6d615c [0x00000279cc6d51e0+0x0000000000000f7c]
J 1719 c1 org.eclipse.osgi.internal.loader.classpath.ClasspathManager.findLocalClass(Ljava/lang/String;)Ljava/lang/Class; (210 bytes) @ 0x00000279cc6d3054 [0x00000279cc6d20a0+0x0000000000000fb4]
J 1717 c1 org.eclipse.osgi.internal.loader.BundleLoader.findLocalClass(Ljava/lang/String;)Ljava/lang/Class; (152 bytes) @ 0x00000279cc6d01ec [0x00000279cc6cf9a0+0x000000000000084c]
J 1652 c1 org.eclipse.osgi.internal.loader.BundleLoader.findClass0(Ljava/lang/String;ZZ)Ljava/lang/Class; (466 bytes) @ 0x00000279cc6a0414 [0x00000279cc69dd20+0x00000000000026f4]
J 1651 c1 org.eclipse.osgi.internal.loader.BundleLoader.findClass(Ljava/lang/String;)Ljava/lang/Class; (8 bytes) @ 0x00000279cc69d41c [0x00000279cc69d3a0+0x000000000000007c]
J 1653 c1 org.eclipse.osgi.internal.loader.ModuleClassLoader.loadClass(Ljava/lang/String;Z)Ljava/lang/Class; (36 bytes) @ 0x00000279cc6a343c [0x00000279cc6a3220+0x000000000000021c]
J 788 c1 java.lang.ClassLoader.loadClass(Ljava/lang/String;)Ljava/lang/Class; java.base@17.0.7 (7 bytes) @ 0x00000279cc4e3dbc [0x00000279cc4e3cc0+0x00000000000000fc]
v  ~StubRoutines::call_stub
j  java.lang.Class.getDeclaredConstructors0(Z)[Ljava/lang/reflect/Constructor;+0 java.base@17.0.7
j  java.lang.Class.privateGetDeclaredConstructors(Z)[Ljava/lang/reflect/Constructor;+52 java.base@17.0.7
j  java.lang.Class.getConstructor0([Ljava/lang/Class;I)Ljava/lang/reflect/Constructor;+14 java.base@17.0.7
j  java.lang.Class.getConstructor([Ljava/lang/Class;)Ljava/lang/reflect/Constructor;+24 java.base@17.0.7
j  org.eclipse.osgi.internal.framework.BundleContextImpl.loadBundleActivator()Lorg/osgi/framework/BundleActivator;+105
j  org.eclipse.osgi.internal.framework.BundleContextImpl.start()V+18
j  org.eclipse.osgi.internal.framework.EquinoxBundle.startWorker0()V+35
j  org.eclipse.osgi.internal.framework.EquinoxBundle$EquinoxModule.startWorker()V+4
j  org.eclipse.osgi.container.Module.doStart([Lorg/eclipse/osgi/container/Module$StartOptions;)Lorg/eclipse/osgi/container/ModuleContainerAdaptor$ModuleEvent;+190
j  org.eclipse.osgi.container.Module.start([Lorg/eclipse/osgi/container/Module$StartOptions;)V+460
j  org.eclipse.osgi.container.ModuleContainer$ContainerStartLevel$2.run()V+71
j  org.eclipse.osgi.internal.framework.EquinoxContainerAdaptor$1$1.execute(Ljava/lang/Runnable;)V+1
j  org.eclipse.osgi.container.ModuleContainer$ContainerStartLevel.incStartLevel(ILjava/util/List;Z)V+192
j  org.eclipse.osgi.container.ModuleContainer$ContainerStartLevel.incStartLevel(ILjava/util/List;Ljava/util/List;Ljava/util/List;Ljava/util/List;)V+19
j  org.eclipse.osgi.container.ModuleContainer$ContainerStartLevel.doContainerStartLevel(Lorg/eclipse/osgi/container/Module;I[Lorg/osgi/framework/FrameworkListener;)V+349
j  org.eclipse.osgi.container.ModuleContainer$ContainerStartLevel.dispatchEvent(Lorg/eclipse/osgi/container/Module;[Lorg/osgi/framework/FrameworkListener;ILjava/lang/Integer;)V+32
j  org.eclipse.osgi.container.ModuleContainer$ContainerStartLevel.dispatchEvent(Ljava/lang/Object;Ljava/lang/Object;ILjava/lang/Object;)V+15
j  org.eclipse.osgi.framework.eventmgr.EventManager.dispatchEvent(Ljava/util/Set;Lorg/eclipse/osgi/framework/eventmgr/EventDispatcher;ILjava/lang/Object;)V+48
j  org.eclipse.osgi.framework.eventmgr.EventManager$EventThread.run()V+26
v  ~StubRoutines::call_stub

---------------  P R O C E S S  ---------------

Threads class SMR info:
_java_thread_list=0x00000279e3c2f3f0, length=17, elements={
0x00000279c7fa4b10, 0x00000279e2de36b0, 0x00000279e2de4a30, 0x00000279e2debf10,
0x00000279e2decd80, 0x00000279e2dedbf0, 0x00000279e2df16c0, 0x00000279e2df23a0,
0x00000279e2e59b30, 0x00000279e2e64520, 0x00000279e2f1e4f0, 0x00000279e3089200,
0x00000279e3892ef0, 0x00000279e3e23c00, 0x00000279e3e24d90, 0x00000279e3763430,
0x00000279e3cd52f0
}

Java Threads: ( => current thread )
  0x00000279c7fa4b10 JavaThread "main" [_thread_blocked, id=10792, stack(0x000000b976200000,0x000000b976300000)]
  0x00000279e2de36b0 JavaThread "Reference Handler" daemon [_thread_blocked, id=13788, stack(0x000000b976500000,0x000000b976600000)]
  0x00000279e2de4a30 JavaThread "Finalizer" daemon [_thread_blocked, id=4504, stack(0x000000b976600000,0x000000b976700000)]
  0x00000279e2debf10 JavaThread "Signal Dispatcher" daemon [_thread_blocked, id=7548, stack(0x000000b976700000,0x000000b976800000)]
  0x00000279e2decd80 JavaThread "Attach Listener" daemon [_thread_blocked, id=7456, stack(0x000000b976800000,0x000000b976900000)]
  0x00000279e2dedbf0 JavaThread "Service Thread" daemon [_thread_blocked, id=15336, stack(0x000000b976900000,0x000000b976a00000)]
  0x00000279e2df16c0 JavaThread "Monitor Deflation Thread" daemon [_thread_blocked, id=2516, stack(0x000000b976a00000,0x000000b976b00000)]
  0x00000279e2df23a0 JavaThread "C2 CompilerThread0" daemon [_thread_blocked, id=4956, stack(0x000000b976b00000,0x000000b976c00000)]
  0x00000279e2e59b30 JavaThread "C1 CompilerThread0" daemon [_thread_blocked, id=14132, stack(0x000000b976c00000,0x000000b976d00000)]
  0x00000279e2e64520 JavaThread "Sweeper thread" daemon [_thread_blocked, id=8456, stack(0x000000b976d00000,0x000000b976e00000)]
  0x00000279e2f1e4f0 JavaThread "Common-Cleaner" daemon [_thread_blocked, id=14856, stack(0x000000b976e00000,0x000000b976f00000)]
  0x00000279e3089200 JavaThread "Notification Thread" daemon [_thread_blocked, id=7896, stack(0x000000b976f00000,0x000000b977000000)]
  0x00000279e3892ef0 JavaThread "Active Thread: Equinox Container: 0b979931-a2ce-45c0-892c-6095b4a37fb7" [_thread_blocked, id=1252, stack(0x000000b977400000,0x000000b977500000)]
  0x00000279e3e23c00 JavaThread "Framework Event Dispatcher: Equinox Container: 0b979931-a2ce-45c0-892c-6095b4a37fb7" daemon [_thread_blocked, id=12308, stack(0x000000b977500000,0x000000b977600000)]
=>0x00000279e3e24d90 JavaThread "Start Level: Equinox Container: 0b979931-a2ce-45c0-892c-6095b4a37fb7" daemon [_thread_in_vm, id=9060, stack(0x000000b977600000,0x000000b977700000)]
  0x00000279e3763430 JavaThread "SCR Component Actor" daemon [_thread_blocked, id=1608, stack(0x000000b977700000,0x000000b977800000)]
  0x00000279e3cd52f0 JavaThread "SCR Component Registry" daemon [_thread_blocked, id=3460, stack(0x000000b977800000,0x000000b977900000)]

Other Threads:
  0x00000279c801eb80 VMThread "VM Thread" [stack: 0x000000b976400000,0x000000b976500000] [id=11196]
  0x00000279e30896d0 WatcherThread [stack: 0x000000b977000000,0x000000b977100000] [id=11040]
  0x00000279c7fba9a0 GCTaskThread "GC Thread#0" [stack: 0x000000b976300000,0x000000b976400000] [id=2756]
  0x00000279e3a82330 GCTaskThread "GC Thread#1" [stack: 0x000000b977100000,0x000000b977200000] [id=1008]
  0x00000279e3a825e0 GCTaskThread "GC Thread#2" [stack: 0x000000b977200000,0x000000b977300000] [id=2496]
  0x00000279e36e01e0 GCTaskThread "GC Thread#3" [stack: 0x000000b977300000,0x000000b977400000] [id=1056]

Threads with active compile tasks:

VM state: not at safepoint (normal execution)

VM Mutex/Monitor currently owned by a thread:  ([mutex/lock_event])
[0x00000279c7f9f8c0] Metaspace_lock - owner thread: 0x00000279e3e24d90

Heap address: 0x00000000c0000000, size: 1024 MB, Compressed Oops mode: 32-bit

CDS archive(s) not mapped
Compressed class space mapped at: 0x0000000100000000-0x0000000140000000, reserved size: 1073741824
Narrow klass base: 0x0000000000000000, Narrow klass shift: 3, Narrow klass range: 0x140000000

GC Precious Log:
 CPUs: 4 total, 4 available
 Memory: 3975M
 Large Page Support: Disabled
 NUMA Support: Disabled
 Compressed Oops: Enabled (32-bit)
 Alignments: Space 512K, Generation 512K, Heap 2M
 Heap Min Capacity: 100M
 Heap Initial Capacity: 100M
 Heap Max Capacity: 1G
 Pre-touch: Disabled
 Parallel Workers: 4

Heap:
 PSYoungGen      total 29696K, used 20690K [0x00000000eab00000, 0x00000000ecc00000, 0x0000000100000000)
  eden space 25600K, 64% used [0x00000000eab00000,0x00000000ebb39318,0x00000000ec400000)
  from space 4096K, 99% used [0x00000000ec800000,0x00000000ecbfb8c8,0x00000000ecc00000)
  to   space 4096K, 0% used [0x00000000ec400000,0x00000000ec400000,0x00000000ec800000)
 ParOldGen       total 68608K, used 1390K [0x00000000c0000000, 0x00000000c4300000, 0x00000000eab00000)
  object space 68608K, 2% used [0x00000000c0000000,0x00000000c015bb80,0x00000000c4300000)
 Metaspace       used 18084K, committed 18368K, reserved 1114112K
  class space    used 1831K, committed 1984K, reserved 1048576K

Card table byte_map: [0x00000279db580000,0x00000279db790000] _byte_map_base: 0x00000279daf80000

Marking Bits: (ParMarkBitMap*) 0x00007ff9609f52c0
 Begin Bits: [0x00000279db8f0000, 0x00000279dc8f0000)
 End Bits:   [0x00000279dc8f0000, 0x00000279dd8f0000)

Polling page: 0x00000279c7ef0000

Metaspace:

Usage:
  Non-class:     15.87 MB used.
      Class:      1.79 MB used.
       Both:     17.66 MB used.

Virtual space:
  Non-class space:       64.00 MB reserved,      16.00 MB ( 25%) committed,  1 nodes.
      Class space:        1.00 GB reserved,       1.94 MB ( <1%) committed,  1 nodes.
             Both:        1.06 GB reserved,      17.94 MB (  2%) committed. 

Chunk freelists:
   Non-Class:  15.00 MB
       Class:  14.03 MB
        Both:  29.03 MB

MaxMetaspaceSize: unlimited
CompressedClassSpaceSize: 1.00 GB
Initial GC threshold: 21.00 MB
Current GC threshold: 21.00 MB
CDS: off
MetaspaceReclaimPolicy: balanced
 - commit_granule_bytes: 65536.
 - commit_granule_words: 8192.
 - virtual_space_node_default_size: 8388608.
 - enlarge_chunks_in_place: 1.
 - new_chunks_are_fully_committed: 0.
 - uncommit_free_chunks: 1.
 - use_allocation_guard: 0.
 - handle_deallocations: 1.


Internal statistics:

num_allocs_failed_limit: 0.
num_arena_births: 120.
num_arena_deaths: 0.
num_vsnodes_births: 2.
num_vsnodes_deaths: 0.
num_space_committed: 287.
num_space_uncommitted: 0.
num_chunks_returned_to_freelist: 0.
num_chunks_taken_from_freelist: 456.
num_chunk_merges: 0.
num_chunk_splits: 295.
num_chunks_enlarged: 220.
num_inconsistent_stats: 0.

CodeHeap 'non-profiled nmethods': size=120000Kb used=728Kb max_used=728Kb free=119271Kb
 bounds [0x00000279d3e70000, 0x00000279d40e0000, 0x00000279db3a0000]
CodeHeap 'profiled nmethods': size=120000Kb used=4223Kb max_used=4223Kb free=115777Kb
 bounds [0x00000279cc3a0000, 0x00000279cc7c0000, 0x00000279d38d0000]
CodeHeap 'non-nmethods': size=5760Kb used=1176Kb max_used=1192Kb free=4584Kb
 bounds [0x00000279d38d0000, 0x00000279d3b40000, 0x00000279d3e70000]
 total_blobs=2554 nmethods=2081 adapters=387
 compilation: enabled
              stopped_count=0, restarted_count=0
 full_count=0

Compilation events (20 events):
Event: 5.408 Thread 0x00000279e2e59b30 2080       3       java.util.Locale::hasExtensions (13 bytes)
Event: 5.408 Thread 0x00000279e2e59b30 nmethod 2080 0x00000279cc7bba10 code [0x00000279cc7bbba0, 0x00000279cc7bbd18]
Event: 5.408 Thread 0x00000279e2e59b30 2081       3       java.util.Locale::stripExtensions (20 bytes)
Event: 5.408 Thread 0x00000279e2e59b30 nmethod 2081 0x00000279cc7bbd90 code [0x00000279cc7bbf40, 0x00000279cc7bc1c8]
Event: 5.408 Thread 0x00000279e2e59b30 2082       3       java.util.Locale::equals (75 bytes)
Event: 5.409 Thread 0x00000279e2e59b30 nmethod 2082 0x00000279cc7bc290 code [0x00000279cc7bc4a0, 0x00000279cc7bcbd8]
Event: 5.409 Thread 0x00000279e2e59b30 2083       3       sun.util.locale.BaseLocale::equals (71 bytes)
Event: 5.409 Thread 0x00000279e2e59b30 nmethod 2083 0x00000279cc7bcd90 code [0x00000279cc7bcf60, 0x00000279cc7bd438]
Event: 5.409 Thread 0x00000279e2e59b30 2072       3       sun.util.locale.LocaleObjectCache::normalizeKey (2 bytes)
Event: 5.409 Thread 0x00000279e2e59b30 nmethod 2072 0x00000279cc7bd510 code [0x00000279cc7bd6a0, 0x00000279cc7bd7b8]
Event: 5.409 Thread 0x00000279e2e59b30 2075       3       sun.util.locale.BaseLocale$Cache::createObject (9 bytes)
Event: 5.409 Thread 0x00000279e2e59b30 nmethod 2075 0x00000279cc7bd890 code [0x00000279cc7bda80, 0x00000279cc7bdf78]
Event: 5.409 Thread 0x00000279e2e59b30 2076       3       sun.util.locale.BaseLocale$Cache::createObject (8 bytes)
Event: 5.410 Thread 0x00000279e2e59b30 nmethod 2076 0x00000279cc7be110 code [0x00000279cc7be2e0, 0x00000279cc7be698]
Event: 5.410 Thread 0x00000279e2e59b30 2077       3       java.util.Locale$Cache::createObject (41 bytes)
Event: 5.410 Thread 0x00000279e2e59b30 nmethod 2077 0x00000279cc7be810 code [0x00000279cc7bea00, 0x00000279cc7bf158]
Event: 5.410 Thread 0x00000279e2e59b30 2073       3       sun.util.locale.BaseLocale$Cache::normalizeKey (9 bytes)
Event: 5.410 Thread 0x00000279e2e59b30 nmethod 2073 0x00000279cc7bf390 code [0x00000279cc7bf540, 0x00000279cc7bf7c8]
Event: 5.410 Thread 0x00000279e2e59b30 2074       3       sun.util.locale.BaseLocale$Cache::normalizeKey (5 bytes)
Event: 5.410 Thread 0x00000279e2e59b30 nmethod 2074 0x00000279cc7bf890 code [0x00000279cc7bfa20, 0x00000279cc7bfb68]

GC Heap History (4 events):
Event: 2.052 GC heap before
{Heap before GC invocations=1 (full 0):
 PSYoungGen      total 29696K, used 25600K [0x00000000eab00000, 0x00000000ecc00000, 0x0000000100000000)
  eden space 25600K, 100% used [0x00000000eab00000,0x00000000ec400000,0x00000000ec400000)
  from space 4096K, 0% used [0x00000000ec800000,0x00000000ec800000,0x00000000ecc00000)
  to   space 4096K, 0% used [0x00000000ec400000,0x00000000ec400000,0x00000000ec800000)
 ParOldGen       total 68608K, used 0K [0x00000000c0000000, 0x00000000c4300000, 0x00000000eab00000)
  object space 68608K, 0% used [0x00000000c0000000,0x00000000c0000000,0x00000000c4300000)
 Metaspace       used 11194K, committed 11392K, reserved 1114112K
  class space    used 1121K, committed 1216K, reserved 1048576K
}
Event: 2.130 GC heap after
{Heap after GC invocations=1 (full 0):
 PSYoungGen      total 29696K, used 3224K [0x00000000eab00000, 0x00000000ecc00000, 0x0000000100000000)
  eden space 25600K, 0% used [0x00000000eab00000,0x00000000eab00000,0x00000000ec400000)
  from space 4096K, 78% used [0x00000000ec400000,0x00000000ec7263b8,0x00000000ec800000)
  to   space 4096K, 0% used [0x00000000ec800000,0x00000000ec800000,0x00000000ecc00000)
 ParOldGen       total 68608K, used 0K [0x00000000c0000000, 0x00000000c4300000, 0x00000000eab00000)
  object space 68608K, 0% used [0x00000000c0000000,0x00000000c0000000,0x00000000c4300000)
 Metaspace       used 11194K, committed 11392K, reserved 1114112K
  class space    used 1121K, committed 1216K, reserved 1048576K
}
Event: 4.309 GC heap before
{Heap before GC invocations=2 (full 0):
 PSYoungGen      total 29696K, used 28824K [0x00000000eab00000, 0x00000000ecc00000, 0x0000000100000000)
  eden space 25600K, 100% used [0x00000000eab00000,0x00000000ec400000,0x00000000ec400000)
  from space 4096K, 78% used [0x00000000ec400000,0x00000000ec7263b8,0x00000000ec800000)
  to   space 4096K, 0% used [0x00000000ec800000,0x00000000ec800000,0x00000000ecc00000)
 ParOldGen       total 68608K, used 0K [0x00000000c0000000, 0x00000000c4300000, 0x00000000eab00000)
  object space 68608K, 0% used [0x00000000c0000000,0x00000000c0000000,0x00000000c4300000)
 Metaspace       used 15065K, committed 15360K, reserved 1114112K
  class space    used 1527K, committed 1664K, reserved 1048576K
}
Event: 4.319 GC heap after
{Heap after GC invocations=2 (full 0):
 PSYoungGen      total 29696K, used 4078K [0x00000000eab00000, 0x00000000ecc00000, 0x0000000100000000)
  eden space 25600K, 0% used [0x00000000eab00000,0x00000000eab00000,0x00000000ec400000)
  from space 4096K, 99% used [0x00000000ec800000,0x00000000ecbfb8c8,0x00000000ecc00000)
  to   space 4096K, 0% used [0x00000000ec400000,0x00000000ec400000,0x00000000ec800000)
 ParOldGen       total 68608K, used 1390K [0x00000000c0000000, 0x00000000c4300000, 0x00000000eab00000)
  object space 68608K, 2% used [0x00000000c0000000,0x00000000c015bb80,0x00000000c4300000)
 Metaspace       used 15065K, committed 15360K, reserved 1114112K
  class space    used 1527K, committed 1664K, reserved 1048576K
}

Dll operation events (9 events):
Event: 0.033 Loaded shared library c:\Users\USER\.vscode\extensions\redhat.java-1.19.0-win32-x64\jre\17.0.7-win32-x86_64\bin\java.dll
Event: 0.535 Loaded shared library c:\Users\USER\.vscode\extensions\redhat.java-1.19.0-win32-x64\jre\17.0.7-win32-x86_64\bin\zip.dll
Event: 0.540 Loaded shared library C:\Users\USER\.vscode\extensions\redhat.java-1.19.0-win32-x64\jre\17.0.7-win32-x86_64\bin\instrument.dll
Event: 0.567 Loaded shared library C:\Users\USER\.vscode\extensions\redhat.java-1.19.0-win32-x64\jre\17.0.7-win32-x86_64\bin\net.dll
Event: 0.571 Loaded shared library C:\Users\USER\.vscode\extensions\redhat.java-1.19.0-win32-x64\jre\17.0.7-win32-x86_64\bin\nio.dll
Event: 0.639 Loaded shared library C:\Users\USER\.vscode\extensions\redhat.java-1.19.0-win32-x64\jre\17.0.7-win32-x86_64\bin\zip.dll
Event: 0.670 Loaded shared library C:\Users\USER\.vscode\extensions\redhat.java-1.19.0-win32-x64\jre\17.0.7-win32-x86_64\bin\jimage.dll
Event: 0.777 Loaded shared library c:\Users\USER\.vscode\extensions\redhat.java-1.19.0-win32-x64\jre\17.0.7-win32-x86_64\bin\verify.dll
Event: 3.964 Loaded shared library C:\Users\USER\AppData\Roaming\Code\User\globalStorage\redhat.java\1.19.0\config_win\org.eclipse.equinox.launcher\org.eclipse.equinox.launcher.win32.win32.x86_64_1.2.700.v20221108-1024\eclipse_11801.dll

Deoptimization events (20 events):
Event: 5.313 Thread 0x00000279e3e24d90 Uncommon trap: trap_request=0xffffffc6 fr.pc=0x00000279d3f13e18 relative=0x0000000000000358
Event: 5.313 Thread 0x00000279e3e24d90 Uncommon trap: reason=bimorphic_or_optimized_type_check action=maybe_recompile pc=0x00000279d3f13e18 method=java.io.DataInputStream.readByte()B @ 4 c2
Event: 5.313 Thread 0x00000279e3e24d90 DEOPT PACKING pc=0x00000279d3f13e18 sp=0x000000b9776f8490
Event: 5.313 Thread 0x00000279e3e24d90 DEOPT UNPACKING pc=0x00000279d39266a3 sp=0x000000b9776f8448 mode 2
Event: 5.313 Thread 0x00000279e3e24d90 Uncommon trap: trap_request=0xffffffc6 fr.pc=0x00000279d3f1544c relative=0x0000000000000d0c
Event: 5.313 Thread 0x00000279e3e24d90 Uncommon trap: reason=bimorphic_or_optimized_type_check action=maybe_recompile pc=0x00000279d3f1544c method=java.io.DataInputStream.readInt()I @ 4 c2
Event: 5.313 Thread 0x00000279e3e24d90 DEOPT PACKING pc=0x00000279d3f1544c sp=0x000000b9776f84a0
Event: 5.313 Thread 0x00000279e3e24d90 DEOPT UNPACKING pc=0x00000279d39266a3 sp=0x000000b9776f8450 mode 2
Event: 5.314 Thread 0x00000279e3e24d90 Uncommon trap: trap_request=0xffffffc6 fr.pc=0x00000279d3f1544c relative=0x0000000000000d0c
Event: 5.314 Thread 0x00000279e3e24d90 Uncommon trap: reason=bimorphic_or_optimized_type_check action=maybe_recompile pc=0x00000279d3f1544c method=java.io.DataInputStream.readInt()I @ 4 c2
Event: 5.314 Thread 0x00000279e3e24d90 DEOPT PACKING pc=0x00000279d3f1544c sp=0x000000b9776f8510
Event: 5.314 Thread 0x00000279e3e24d90 DEOPT UNPACKING pc=0x00000279d39266a3 sp=0x000000b9776f84c0 mode 2
Event: 5.314 Thread 0x00000279e3e24d90 Uncommon trap: trap_request=0xffffffc6 fr.pc=0x00000279d3f1544c relative=0x0000000000000d0c
Event: 5.314 Thread 0x00000279e3e24d90 Uncommon trap: reason=bimorphic_or_optimized_type_check action=maybe_recompile pc=0x00000279d3f1544c method=java.io.DataInputStream.readInt()I @ 4 c2
Event: 5.314 Thread 0x00000279e3e24d90 DEOPT PACKING pc=0x00000279d3f1544c sp=0x000000b9776f84a0
Event: 5.314 Thread 0x00000279e3e24d90 DEOPT UNPACKING pc=0x00000279d39266a3 sp=0x000000b9776f8450 mode 2
Event: 5.339 Thread 0x00000279e3e24d90 Uncommon trap: trap_request=0xffffff45 fr.pc=0x00000279d3ebab74 relative=0x0000000000000074
Event: 5.339 Thread 0x00000279e3e24d90 Uncommon trap: reason=unstable_if action=reinterpret pc=0x00000279d3ebab74 method=jdk.internal.misc.Unsafe.convEndian(ZJ)J @ 4 c2
Event: 5.339 Thread 0x00000279e3e24d90 DEOPT PACKING pc=0x00000279d3ebab74 sp=0x000000b9776f7280
Event: 5.339 Thread 0x00000279e3e24d90 DEOPT UNPACKING pc=0x00000279d39266a3 sp=0x000000b9776f71a8 mode 2

Classes unloaded (0 events):
No events

Classes redefined (0 events):
No events

Internal exceptions (20 events):
Event: 1.728 Thread 0x00000279c7fa4b10 Exception <a 'java/lang/ClassNotFoundException'{0x00000000ec00d880}: sun/net/www/protocol/c/Handler> (0x00000000ec00d880) 
thrown [s\src\hotspot\share\classfile\systemDictionary.cpp, line 256]
Event: 1.728 Thread 0x00000279c7fa4b10 Exception <a 'java/lang/ClassNotFoundException'{0x00000000ec00ebf0}: sun/net/www/protocol/c/Handler> (0x00000000ec00ebf0) 
thrown [s\src\hotspot\share\classfile\systemDictionary.cpp, line 256]
Event: 1.728 Thread 0x00000279c7fa4b10 Exception <a 'java/lang/ClassNotFoundException'{0x00000000ec00fdb8}: sun/net/www/protocol/c/Handler> (0x00000000ec00fdb8) 
thrown [s\src\hotspot\share\classfile\systemDictionary.cpp, line 256]
Event: 1.753 Thread 0x00000279c7fa4b10 Exception <a 'java/io/FileNotFoundException'{0x00000000ec0361f8}> (0x00000000ec0361f8) 
thrown [s\src\hotspot\share\prims\jni.cpp, line 516]
Event: 1.860 Thread 0x00000279c7fa4b10 Implicit null exception at 0x00000279d3eaa9f1 to 0x00000279d3eaabc4
Event: 1.860 Thread 0x00000279c7fa4b10 Implicit null exception at 0x00000279d3ea998f to 0x00000279d3ea9a05
Event: 1.962 Thread 0x00000279c7fa4b10 Exception <a 'java/lang/NoSuchMethodError'{0x00000000ec302ad0}: 'int java.lang.invoke.DirectMethodHandle$Holder.invokeStaticInit(java.lang.Object, java.lang.Object, java.lang.Object, java.lang.Object)'> (0x00000000ec302ad0) 
thrown [s\src\hotspot\share\interpreter\linkResolver.cpp, line 759]
Event: 1.964 Thread 0x00000279c7fa4b10 Exception <a 'java/lang/NoSuchMethodError'{0x00000000ec30d140}: 'java.lang.Object java.lang.invoke.DirectMethodHandle$Holder.invokeInterface(java.lang.Object, java.lang.Object)'> (0x00000000ec30d140) 
thrown [s\src\hotspot\share\interpreter\linkResolver.cpp, line 759]
Event: 1.965 Thread 0x00000279c7fa4b10 Exception <a 'java/lang/IncompatibleClassChangeError'{0x00000000ec310938}: Found class java.lang.Object, but interface was expected> (0x00000000ec310938) 
thrown [s\src\hotspot\share\interpreter\linkResolver.cpp, line 826]
Event: 1.966 Thread 0x00000279c7fa4b10 Exception <a 'java/lang/NoSuchMethodError'{0x00000000ec314e30}: 'void java.lang.invoke.DirectMethodHandle$Holder.invokeStatic(java.lang.Object, java.lang.Object)'> (0x00000000ec314e30) 
thrown [s\src\hotspot\share\interpreter\linkResolver.cpp, line 759]
Event: 1.967 Thread 0x00000279c7fa4b10 Exception <a 'java/lang/NoSuchMethodError'{0x00000000ec318630}: 'void java.lang.invoke.DirectMethodHandle$Holder.invokeStaticInit(java.lang.Object, java.lang.Object)'> (0x00000000ec318630) 
thrown [s\src\hotspot\share\interpreter\linkResolver.cpp, line 759]
Event: 1.969 Thread 0x00000279c7fa4b10 Exception <a 'java/lang/NoSuchMethodError'{0x00000000ec31fa48}: 'int java.lang.invoke.DirectMethodHandle$Holder.invokeStaticInit(java.lang.Object, java.lang.Object)'> (0x00000000ec31fa48) 
thrown [s\src\hotspot\share\interpreter\linkResolver.cpp, line 759]
Event: 2.149 Thread 0x00000279c7fa4b10 Exception <a 'java/lang/NoSuchMethodError'{0x00000000eab623e8}: 'void java.lang.invoke.DirectMethodHandle$Holder.invokeSpecial(java.lang.Object, java.lang.Object, java.lang.Object)'> (0x00000000eab623e8) 
thrown [s\src\hotspot\share\interpreter\linkResolver.cpp, line 759]
Event: 3.224 Thread 0x00000279c7fa4b10 Exception <a 'java/lang/NoSuchMethodError'{0x00000000eb846a60}: 'java.lang.Object java.lang.invoke.DirectMethodHandle$Holder.newInvokeSpecial(java.lang.Object, int, java.lang.Object)'> (0x00000000eb846a60) 
thrown [s\src\hotspot\share\interpreter\linkResolver.cpp, line 759]
Event: 3.955 Thread 0x00000279c7fa4b10 Exception <a 'java/lang/UnsatisfiedLinkError'{0x00000000ebdc27a0}: 'void org.eclipse.equinox.launcher.JNIBridge._update_splash()'> (0x00000000ebdc27a0) 
thrown [s\src\hotspot\share\prims\nativeLookup.cpp, line 543]
Event: 4.075 Thread 0x00000279e3e24d90 Exception <a 'java/lang/NoSuchMethodError'{0x00000000ec099160}: 'java.lang.Object java.lang.invoke.DirectMethodHandle$Holder.invokeStaticInit(java.lang.Object)'> (0x00000000ec099160) 
thrown [s\src\hotspot\share\interpreter\linkResolver.cpp, line 759]
Event: 4.879 Thread 0x00000279e3e24d90 Exception <a 'java/io/FileNotFoundException'{0x00000000eb38fcd8}> (0x00000000eb38fcd8) 
thrown [s\src\hotspot\share\prims\jni.cpp, line 516]
Event: 4.904 Thread 0x00000279e3e24d90 Exception <a 'java/lang/NullPointerException'{0x00000000eb3e5d68}> (0x00000000eb3e5d68) 
thrown [s\src\hotspot\share\interpreter\linkResolver.cpp, line 1350]
Event: 4.904 Thread 0x00000279e3e24d90 Exception <a 'java/lang/NullPointerException'{0x00000000eb3e6590}> (0x00000000eb3e6590) 
thrown [s\src\hotspot\share\interpreter\linkResolver.cpp, line 1350]
Event: 5.191 Thread 0x00000279e3e24d90 Exception <a 'java/lang/NoSuchMethodError'{0x00000000eb727748}: 'java.lang.Object java.lang.invoke.Invokers$Holder.invokeExact_MT(java.lang.Object, java.lang.Object, java.lang.Object, java.lang.Object, java.lang.Object, java.lang.Object)'> (0x00000000eb727748) 
thrown [s\src\hotspot\share\interpreter\linkResolver.cpp, line 759]

VM Operations (20 events):
Event: 3.083 Executing VM operation: HandshakeAllThreads
Event: 3.083 Executing VM operation: HandshakeAllThreads done
Event: 3.141 Executing VM operation: HandshakeAllThreads
Event: 3.141 Executing VM operation: HandshakeAllThreads done
Event: 3.141 Executing VM operation: Cleanup
Event: 3.142 Executing VM operation: Cleanup done
Event: 3.152 Executing VM operation: HandshakeAllThreads
Event: 3.152 Executing VM operation: HandshakeAllThreads done
Event: 3.215 Executing VM operation: HandshakeAllThreads
Event: 3.215 Executing VM operation: HandshakeAllThreads done
Event: 4.160 Executing VM operation: HandshakeAllThreads
Event: 4.160 Executing VM operation: HandshakeAllThreads done
Event: 4.160 Executing VM operation: Cleanup
Event: 4.161 Executing VM operation: Cleanup done
Event: 4.309 Executing VM operation: ParallelGCFailedAllocation
Event: 4.319 Executing VM operation: ParallelGCFailedAllocation done
Event: 5.325 Executing VM operation: Cleanup
Event: 5.328 Executing VM operation: Cleanup done
Event: 5.329 Executing VM operation: HandshakeAllThreads
Event: 5.329 Executing VM operation: HandshakeAllThreads done

Events (20 events):
Event: 5.345 loading class java/util/ResourceBundle$Control
Event: 5.345 loading class java/util/ResourceBundle$Control done
Event: 5.345 loading class java/util/ResourceBundle$Control$CandidateListCache
Event: 5.345 loading class java/util/ResourceBundle$Control$CandidateListCache done
Event: 5.345 loading class java/util/ResourceBundle$NoFallbackControl
Event: 5.345 loading class java/util/ResourceBundle$SingleFormatControl
Event: 5.345 loading class java/util/ResourceBundle$SingleFormatControl done
Event: 5.345 loading class java/util/ResourceBundle$NoFallbackControl done
Event: 5.346 loading class sun/util/cldr/CLDRCalendarDataProviderImpl
Event: 5.346 loading class sun/util/locale/provider/CalendarDataProviderImpl
Event: 5.346 loading class sun/util/locale/provider/CalendarDataProviderImpl done
Event: 5.346 loading class sun/util/cldr/CLDRCalendarDataProviderImpl done
Event: 5.407 loading class sun/util/locale/provider/LocaleResources
Event: 5.410 loading class sun/util/locale/provider/LocaleResources done
Event: 5.410 loading class sun/util/resources/LocaleData
Event: 5.410 loading class sun/util/resources/LocaleData done
Event: 5.410 loading class sun/util/resources/LocaleData$1
Event: 5.411 loading class sun/util/resources/LocaleData$1 done
Event: 5.411 loading class sun/util/resources/LocaleData$LocaleDataStrategy
Event: 5.411 loading class sun/util/resources/Bundles$Strategy


Dynamic libraries:
0x00007ff7eb800000 - 0x00007ff7eb80e000 	c:\Users\USER\.vscode\extensions\redhat.java-1.19.0-win32-x64\jre\17.0.7-win32-x86_64\bin\java.exe
0x00007ff99e280000 - 0x00007ff99e470000 	C:\Windows\SYSTEM32\ntdll.dll
0x00007ff99d4b0000 - 0x00007ff99d562000 	C:\Windows\System32\KERNEL32.DLL
0x00007ff99bfa0000 - 0x00007ff99c243000 	C:\Windows\System32\KERNELBASE.dll
0x00007ff99b3a0000 - 0x00007ff99b49a000 	C:\Windows\System32\ucrtbase.dll
0x00007ff992730000 - 0x00007ff992747000 	c:\Users\USER\.vscode\extensions\redhat.java-1.19.0-win32-x64\jre\17.0.7-win32-x86_64\bin\jli.dll
0x00007ff99d0e0000 - 0x00007ff99d273000 	C:\Windows\System32\USER32.dll
0x00007ff99b370000 - 0x00007ff99b391000 	C:\Windows\System32\win32u.dll
0x00007ff99d850000 - 0x00007ff99d876000 	C:\Windows\System32\GDI32.dll
0x00007ff99b4d0000 - 0x00007ff99b664000 	C:\Windows\System32\gdi32full.dll
0x00007ff99c250000 - 0x00007ff99c2ee000 	C:\Windows\System32\msvcp_win.dll
0x00007ff995830000 - 0x00007ff995849000 	c:\Users\USER\.vscode\extensions\redhat.java-1.19.0-win32-x64\jre\17.0.7-win32-x86_64\bin\VCRUNTIME140.dll
0x00007ff988530000 - 0x00007ff9887b5000 	C:\Windows\WinSxS\amd64_microsoft.windows.common-controls_6595b64144ccf1df_6.0.18362.239_none_e6c7aebd130c7608\COMCTL32.dll
0x00007ff99cab0000 - 0x00007ff99cb4e000 	C:\Windows\System32\msvcrt.dll
0x00007ff99c710000 - 0x00007ff99ca46000 	C:\Windows\System32\combase.dll
0x00007ff99cb50000 - 0x00007ff99cc70000 	C:\Windows\System32\RPCRT4.dll
0x00007ff99bf00000 - 0x00007ff99bf80000 	C:\Windows\System32\bcryptPrimitives.dll
0x00007ff99d7c0000 - 0x00007ff99d7ee000 	C:\Windows\System32\IMM32.DLL
0x0000000070af0000 - 0x0000000070afc000 	C:\Program Files (x86)\360\Total Security\safemon\SafeWrapper.dll
0x00007ff99d880000 - 0x00007ff99d923000 	C:\Windows\System32\ADVAPI32.dll
0x00007ff99d720000 - 0x00007ff99d7b7000 	C:\Windows\System32\sechost.dll
0x00007ff98a5c0000 - 0x00007ff98a652000 	C:\Program Files (x86)\360\Total Security\safemon\libzdtp64.dll
0x00007ff99d9e0000 - 0x00007ff99e0c0000 	C:\Windows\System32\SHELL32.dll
0x00007ff99c2f0000 - 0x00007ff99c33a000 	C:\Windows\System32\cfgmgr32.dll
0x00007ff99e190000 - 0x00007ff99e239000 	C:\Windows\System32\shcore.dll
0x00007ff99b720000 - 0x00007ff99be9b000 	C:\Windows\System32\windows.storage.dll
0x00007ff99b1c0000 - 0x00007ff99b1df000 	C:\Windows\System32\profapi.dll
0x00007ff99b170000 - 0x00007ff99b1ba000 	C:\Windows\System32\powrprof.dll
0x00007ff99b160000 - 0x00007ff99b170000 	C:\Windows\System32\UMPDC.dll
0x00007ff99c480000 - 0x00007ff99c4d2000 	C:\Windows\System32\shlwapi.dll
0x00007ff99b1e0000 - 0x00007ff99b1f1000 	C:\Windows\System32\kernel.appcore.dll
0x00007ff99bf80000 - 0x00007ff99bf97000 	C:\Windows\System32\cryptsp.dll
0x00007ff99ad60000 - 0x00007ff99ad6a000 	C:\Windows\SYSTEM32\VERSION.dll
0x00007ff995c40000 - 0x00007ff995c4c000 	c:\Users\USER\.vscode\extensions\redhat.java-1.19.0-win32-x64\jre\17.0.7-win32-x86_64\bin\vcruntime140_1.dll
0x00007ff989f90000 - 0x00007ff98a021000 	c:\Users\USER\.vscode\extensions\redhat.java-1.19.0-win32-x64\jre\17.0.7-win32-x86_64\bin\msvcp140.dll
0x00007ff95fe70000 - 0x00007ff960ab8000 	c:\Users\USER\.vscode\extensions\redhat.java-1.19.0-win32-x64\jre\17.0.7-win32-x86_64\bin\server\jvm.dll
0x00007ff992750000 - 0x00007ff992759000 	C:\Windows\SYSTEM32\WSOCK32.dll
0x00007ff99d2f0000 - 0x00007ff99d35f000 	C:\Windows\System32\WS2_32.dll
0x00007ff9992c0000 - 0x00007ff9992e4000 	C:\Windows\SYSTEM32\WINMM.dll
0x00007ff999290000 - 0x00007ff9992bd000 	C:\Windows\SYSTEM32\WINMMBASE.dll
0x00007ff995820000 - 0x00007ff99582a000 	c:\Users\USER\.vscode\extensions\redhat.java-1.19.0-win32-x64\jre\17.0.7-win32-x86_64\bin\jimage.dll
0x00007ff9917d0000 - 0x00007ff9919c4000 	C:\Windows\SYSTEM32\DBGHELP.DLL
0x00007ff991720000 - 0x00007ff99174a000 	C:\Windows\SYSTEM32\dbgcore.DLL
0x00007ff993780000 - 0x00007ff99378e000 	c:\Users\USER\.vscode\extensions\redhat.java-1.19.0-win32-x64\jre\17.0.7-win32-x86_64\bin\instrument.dll
0x00007ff992700000 - 0x00007ff992725000 	c:\Users\USER\.vscode\extensions\redhat.java-1.19.0-win32-x64\jre\17.0.7-win32-x86_64\bin\java.dll
0x00007ff9926e0000 - 0x00007ff9926f8000 	c:\Users\USER\.vscode\extensions\redhat.java-1.19.0-win32-x64\jre\17.0.7-win32-x86_64\bin\zip.dll
0x00007ff9926c0000 - 0x00007ff9926d9000 	C:\Users\USER\.vscode\extensions\redhat.java-1.19.0-win32-x64\jre\17.0.7-win32-x86_64\bin\net.dll
0x00007ff98fe10000 - 0x00007ff98ff00000 	C:\Windows\SYSTEM32\WINHTTP.dll
0x00007ff99a900000 - 0x00007ff99a967000 	C:\Windows\system32\mswsock.dll
0x00007ff991bc0000 - 0x00007ff991bd5000 	C:\Users\USER\.vscode\extensions\redhat.java-1.19.0-win32-x64\jre\17.0.7-win32-x86_64\bin\nio.dll
0x00007ff993740000 - 0x00007ff993750000 	c:\Users\USER\.vscode\extensions\redhat.java-1.19.0-win32-x64\jre\17.0.7-win32-x86_64\bin\verify.dll
0x00007ff98a250000 - 0x00007ff98a28e000 	C:\Users\USER\AppData\Roaming\Code\User\globalStorage\redhat.java\1.19.0\config_win\org.eclipse.equinox.launcher\org.eclipse.equinox.launcher.win32.win32.x86_64_1.2.700.v20221108-1024\eclipse_11801.dll
0x00007ff99c4e0000 - 0x00007ff99c636000 	C:\Windows\System32\ole32.dll

dbghelp: loaded successfully - version: 4.0.5 - missing functions: none
symbol engine: initialized successfully - sym options: 0x614 - pdb path: .;c:\Users\USER\.vscode\extensions\redhat.java-1.19.0-win32-x64\jre\17.0.7-win32-x86_64\bin;C:\Windows\SYSTEM32;C:\Windows\WinSxS\amd64_microsoft.windows.common-controls_6595b64144ccf1df_6.0.18362.239_none_e6c7aebd130c7608;C:\Program Files (x86)\360\Total Security\safemon;c:\Users\USER\.vscode\extensions\redhat.java-1.19.0-win32-x64\jre\17.0.7-win32-x86_64\bin\server;C:\Users\USER\AppData\Roaming\Code\User\globalStorage\redhat.java\1.19.0\config_win\org.eclipse.equinox.launcher\org.eclipse.equinox.launcher.win32.win32.x86_64_1.2.700.v20221108-1024

VM Arguments:
jvm_args: --add-modules=ALL-SYSTEM --add-opens=java.base/java.util=ALL-UNNAMED --add-opens=java.base/java.lang=ALL-UNNAMED --add-opens=java.base/sun.nio.fs=ALL-UNNAMED -Declipse.application=org.eclipse.jdt.ls.core.id1 -Dosgi.bundles.defaultStartLevel=4 -Declipse.product=org.eclipse.jdt.ls.core.product -Djava.import.generatesMetadataFilesAtProjectRoot=false -Dfile.encoding=utf8 -XX:+UseParallelGC -XX:GCTimeRatio=4 -XX:AdaptiveSizePolicyWeight=90 -Dsun.zip.disableMemoryMapping=true -Xmx1G -Xms100m -Xlog:disable -javaagent:c:\Users\USER\.vscode\extensions\redhat.java-1.19.0-win32-x64\lombok\lombok-1.18.28.jar -XX:+HeapDumpOnOutOfMemoryError -XX:HeapDumpPath=c:\Users\USER\AppData\Roaming\Code\User\workspaceStorage\1702ad736f4aa6bf5abd61ef8a644695\redhat.java -Daether.dependencyCollector.impl=bf 
java_command: c:\Users\USER\.vscode\extensions\redhat.java-1.19.0-win32-x64\server\plugins\org.eclipse.equinox.launcher_1.6.400.v20210924-0641.jar -configuration c:\Users\USER\AppData\Roaming\Code\User\globalStorage\redhat.java\1.19.0\config_win -data c:\Users\USER\AppData\Roaming\Code\User\workspaceStorage\1702ad736f4aa6bf5abd61ef8a644695\redhat.java\jdt_ws
java_class_path (initial): c:\Users\USER\.vscode\extensions\redhat.java-1.19.0-win32-x64\server\plugins\org.eclipse.equinox.launcher_1.6.400.v20210924-0641.jar
Launcher Type: SUN_STANDARD

[Global flags]
    uintx AdaptiveSizePolicyWeight                 = 90                                        {product} {command line}
     intx CICompilerCount                          = 3                                         {product} {ergonomic}
    uintx GCTimeRatio                              = 4                                         {product} {command line}
     bool HeapDumpOnOutOfMemoryError               = true                                   {manageable} {command line}
    ccstr HeapDumpPath                             = c:\Users\USER\AppData\Roaming\Code\User\workspaceStorage\1702ad736f4aa6bf5abd61ef8a644695\redhat.java         {manageable} {command line}
   size_t InitialHeapSize                          = 104857600                                 {product} {command line}
   size_t MaxHeapSize                              = 1073741824                                {product} {command line}
   size_t MaxNewSize                               = 357564416                                 {product} {ergonomic}
   size_t MinHeapDeltaBytes                        = 524288                                    {product} {ergonomic}
   size_t MinHeapSize                              = 104857600                                 {product} {command line}
   size_t NewSize                                  = 34603008                                  {product} {ergonomic}
    uintx NonNMethodCodeHeapSize                   = 5832780                                {pd product} {ergonomic}
    uintx NonProfiledCodeHeapSize                  = 122912730                              {pd product} {ergonomic}
   size_t OldSize                                  = 70254592                                  {product} {ergonomic}
    uintx ProfiledCodeHeapSize                     = 122912730                              {pd product} {ergonomic}
    uintx ReservedCodeCacheSize                    = 251658240                              {pd product} {ergonomic}
     bool SegmentedCodeCache                       = true                                      {product} {ergonomic}
   size_t SoftMaxHeapSize                          = 1073741824                             {manageable} {ergonomic}
     bool UseCompressedClassPointers               = true                           {product lp64_product} {ergonomic}
     bool UseCompressedOops                        = true                           {product lp64_product} {ergonomic}
     bool UseLargePagesIndividualAllocation        = false                                  {pd product} {ergonomic}
     bool UseParallelGC                            = true                                      {product} {command line}

Logging:
Log output configuration:
 #0: stdout all=off uptime,level,tags
 #1: stderr all=off uptime,level,tags

Environment Variables:
JAVA_HOME=C:\Program Files\Java\jdk-17
PATH=C:\Program Files\Common Files\Oracle\Java\javapath;C:\Windows\system32;C:\Windows;C:\Windows\System32\Wbem;C:\Windows\System32\WindowsPowerShell\v1.0\;C:\Windows\System32\OpenSSH\;C:\Program Files\nodejs\;C:\Program Files\Git\cmd;C:\Program Files\apache-maven-3.9.0\bin;C:\Program Files\Java\jdk-17\bin;C:\Users\USER\AppData\Local\Microsoft\WindowsApps;C:\Users\USER\AppData\Roaming\npm;C:\Program Files\apache-maven-3.9.0\bin;C:\Program Files\Java\jdk-17\bin;C:\Users\USER\AppData\Local\Programs\Microsoft VS Code\bin
USERNAME=USER
OS=Windows_NT
PROCESSOR_IDENTIFIER=Intel64 Family 6 Model 61 Stepping 4, GenuineIntel
TMP=C:\Users\USER\AppData\Local\Temp
TEMP=C:\Users\USER\AppData\Local\Temp



---------------  S Y S T E M  ---------------

OS:
 Windows 10 , 64 bit Build 18362 (10.0.18362.86)
OS uptime: 0 days 11:07 hours

CPU: total 4 (initial active 4) (2 cores per cpu, 2 threads per core) family 6 model 61 stepping 4 microcode 0x2b, cx8, cmov, fxsr, ht, mmx, 3dnowpref, sse, sse2, sse3, ssse3, sse4.1, sse4.2, popcnt, lzcnt, tsc, tscinvbit, avx, avx2, aes, erms, clmul, bmi1, bmi2, rtm, adx, fma, vzeroupper, clflush

Memory: 4k page, system-wide physical 3975M (283M free)
TotalPageFile size 7386M (AvailPageFile size 7M)
current process WorkingSet (physical memory assigned to process): 96M, peak: 96M
current process commit charge ("private bytes"): 199M, peak: 199M

vm_info: OpenJDK 64-Bit Server VM (17.0.7+7) for windows-amd64 JRE (17.0.7+7), built on Apr 18 2023 22:10:42 by "temurin" with MS VC++ 16.7 (VS2019)

END.
